2023-06-07 08:54:46.477  INFO 23184 --- [main] com.hw.hwapi.HwApiApplication            : Starting HwApiApplication using Java 20.0.1 on Jaimi-Pc with PID 23184 (C:\Users\jaimi\hw-api\hw-api\target\classes started by jaimi in C:\Users\jaimi\hw-api)
2023-06-07 08:54:46.489  INFO 23184 --- [main] com.hw.hwapi.HwApiApplication            : No active profile set, falling back to 1 default profile: "default"
2023-06-07 08:54:48.072  INFO 23184 --- [main] .s.d.r.c.RepositoryConfigurationDelegate : Bootstrapping Spring Data JPA repositories in DEFAULT mode.
2023-06-07 08:54:48.151  INFO 23184 --- [main] .s.d.r.c.RepositoryConfigurationDelegate : Finished Spring Data repository scanning in 69 ms. Found 2 JPA repository interfaces.
2023-06-07 08:54:49.855  INFO 23184 --- [main] o.s.b.w.embedded.tomcat.TomcatWebServer  : Tomcat initialized with port(s): 8080 (http)
2023-06-07 08:54:49.868  INFO 23184 --- [main] o.apache.catalina.core.StandardService   : Starting service [Tomcat]
2023-06-07 08:54:49.868  INFO 23184 --- [main] org.apache.catalina.core.StandardEngine  : Starting Servlet engine: [Apache Tomcat/9.0.75]
2023-06-07 08:54:50.132  INFO 23184 --- [main] o.a.c.c.C.[Tomcat].[localhost].[/]       : Initializing Spring embedded WebApplicationContext
2023-06-07 08:54:50.133  INFO 23184 --- [main] w.s.c.ServletWebServerApplicationContext : Root WebApplicationContext: initialization completed in 3442 ms
2023-06-07 08:54:50.595  INFO 23184 --- [main] o.hibernate.jpa.internal.util.LogHelper  : HHH000204: Processing PersistenceUnitInfo [name: default]
2023-06-07 08:54:50.673  INFO 23184 --- [main] org.hibernate.Version                    : HHH000412: Hibernate ORM core version 5.6.15.Final
2023-06-07 08:54:50.905  INFO 23184 --- [main] o.hibernate.annotations.common.Version   : HCANN000001: Hibernate Commons Annotations {5.1.2.Final}
2023-06-07 08:54:51.009  INFO 23184 --- [main] com.zaxxer.hikari.HikariDataSource       : HikariPool-1 - Starting...
2023-06-07 08:54:51.196  INFO 23184 --- [main] com.zaxxer.hikari.HikariDataSource       : HikariPool-1 - Start completed.
2023-06-07 08:54:51.212  INFO 23184 --- [main] org.hibernate.dialect.Dialect            : HHH000400: Using dialect: org.hibernate.dialect.MySQL5InnoDBDialect
2023-06-07 08:54:52.070  INFO 23184 --- [main] o.h.e.t.j.p.i.JtaPlatformInitiator       : HHH000490: Using JtaPlatform implementation: [org.hibernate.engine.transaction.jta.platform.internal.NoJtaPlatform]
2023-06-07 08:54:52.092  INFO 23184 --- [main] j.LocalContainerEntityManagerFactoryBean : Initialized JPA EntityManagerFactory for persistence unit 'default'
2023-06-07 08:54:53.200  WARN 23184 --- [main] JpaBaseConfiguration$JpaWebConfiguration : spring.jpa.open-in-view is enabled by default. Therefore, database queries may be performed during view rendering. Explicitly configure spring.jpa.open-in-view to disable this warning
2023-06-07 08:54:54.435  INFO 23184 --- [main] o.s.b.w.embedded.tomcat.TomcatWebServer  : Tomcat started on port(s): 8080 (http) with context path ''
2023-06-07 08:54:54.457  INFO 23184 --- [main] com.hw.hwapi.HwApiApplication            : Started HwApiApplication in 9.137 seconds (JVM running for 10.092)
2023-06-07 08:56:01.165  INFO 23184 --- [http-nio-8080-exec-1] o.a.c.c.C.[Tomcat].[localhost].[/]       : Initializing Spring DispatcherServlet 'dispatcherServlet'
2023-06-07 08:56:01.166  INFO 23184 --- [http-nio-8080-exec-1] o.s.web.servlet.DispatcherServlet        : Initializing Servlet 'dispatcherServlet'
2023-06-07 08:56:01.167  INFO 23184 --- [http-nio-8080-exec-1] o.s.web.servlet.DispatcherServlet        : Completed initialization in 1 ms
2023-06-07 10:06:39.338  INFO 23184 --- [SpringApplicationShutdownHook] j.LocalContainerEntityManagerFactoryBean : Closing JPA EntityManagerFactory for persistence unit 'default'
2023-06-07 10:06:39.340  INFO 23184 --- [SpringApplicationShutdownHook] com.zaxxer.hikari.HikariDataSource       : HikariPool-1 - Shutdown initiated...
2023-06-07 10:06:39.342  INFO 23184 --- [SpringApplicationShutdownHook] com.zaxxer.hikari.HikariDataSource       : HikariPool-1 - Shutdown completed.
2023-06-07 10:07:43.508  INFO 25248 --- [main] com.hw.hwapi.HwApiApplication            : Starting HwApiApplication using Java 20.0.1 on Jaimi-Pc with PID 25248 (C:\Users\jaimi\hw-api\hw-api\target\classes started by jaimi in C:\Users\jaimi\hw-api)
2023-06-07 10:07:43.510  INFO 25248 --- [main] com.hw.hwapi.HwApiApplication            : No active profile set, falling back to 1 default profile: "default"
2023-06-07 10:07:45.350  INFO 25248 --- [main] .s.d.r.c.RepositoryConfigurationDelegate : Bootstrapping Spring Data JPA repositories in DEFAULT mode.
2023-06-07 10:07:45.478  INFO 25248 --- [main] .s.d.r.c.RepositoryConfigurationDelegate : Finished Spring Data repository scanning in 95 ms. Found 2 JPA repository interfaces.
2023-06-07 10:07:47.163  INFO 25248 --- [main] o.s.b.w.embedded.tomcat.TomcatWebServer  : Tomcat initialized with port(s): 8080 (http)
2023-06-07 10:07:47.199  INFO 25248 --- [main] o.apache.catalina.core.StandardService   : Starting service [Tomcat]
2023-06-07 10:07:47.200  INFO 25248 --- [main] org.apache.catalina.core.StandardEngine  : Starting Servlet engine: [Apache Tomcat/9.0.75]
2023-06-07 10:07:47.567  INFO 25248 --- [main] o.a.c.c.C.[Tomcat].[localhost].[/]       : Initializing Spring embedded WebApplicationContext
2023-06-07 10:07:47.568  INFO 25248 --- [main] w.s.c.ServletWebServerApplicationContext : Root WebApplicationContext: initialization completed in 4015 ms
2023-06-07 10:07:47.909  INFO 25248 --- [main] o.hibernate.jpa.internal.util.LogHelper  : HHH000204: Processing PersistenceUnitInfo [name: default]
2023-06-07 10:07:48.038  INFO 25248 --- [main] org.hibernate.Version                    : HHH000412: Hibernate ORM core version 5.6.15.Final
2023-06-07 10:07:48.330  INFO 25248 --- [main] o.hibernate.annotations.common.Version   : HCANN000001: Hibernate Commons Annotations {5.1.2.Final}
2023-06-07 10:07:48.518  INFO 25248 --- [main] com.zaxxer.hikari.HikariDataSource       : HikariPool-1 - Starting...
2023-06-07 10:07:48.801  INFO 25248 --- [main] com.zaxxer.hikari.HikariDataSource       : HikariPool-1 - Start completed.
2023-06-07 10:07:48.824  INFO 25248 --- [main] org.hibernate.dialect.Dialect            : HHH000400: Using dialect: org.hibernate.dialect.MySQL5InnoDBDialect
2023-06-07 10:07:49.932  INFO 25248 --- [main] o.h.e.t.j.p.i.JtaPlatformInitiator       : HHH000490: Using JtaPlatform implementation: [org.hibernate.engine.transaction.jta.platform.internal.NoJtaPlatform]
2023-06-07 10:07:49.938  INFO 25248 --- [main] j.LocalContainerEntityManagerFactoryBean : Initialized JPA EntityManagerFactory for persistence unit 'default'
2023-06-07 10:07:51.244  WARN 25248 --- [main] JpaBaseConfiguration$JpaWebConfiguration : spring.jpa.open-in-view is enabled by default. Therefore, database queries may be performed during view rendering. Explicitly configure spring.jpa.open-in-view to disable this warning
2023-06-07 10:07:51.805  INFO 25248 --- [main] o.s.b.w.embedded.tomcat.TomcatWebServer  : Tomcat started on port(s): 8080 (http) with context path ''
2023-06-07 10:07:51.815  INFO 25248 --- [main] com.hw.hwapi.HwApiApplication            : Started HwApiApplication in 8.635 seconds (JVM running for 9.338)
2023-06-07 10:11:48.961  INFO 25248 --- [http-nio-8080-exec-2] o.a.c.c.C.[Tomcat].[localhost].[/]       : Initializing Spring DispatcherServlet 'dispatcherServlet'
2023-06-07 10:11:48.961  INFO 25248 --- [http-nio-8080-exec-2] o.s.web.servlet.DispatcherServlet        : Initializing Servlet 'dispatcherServlet'
2023-06-07 10:11:48.961  INFO 25248 --- [http-nio-8080-exec-2] o.s.web.servlet.DispatcherServlet        : Completed initialization in 0 ms
2023-06-07 10:12:05.056  WARN 25248 --- [http-nio-8080-exec-3] o.s.web.servlet.PageNotFound             : Request method 'GET' not supported
2023-06-07 10:12:07.451  WARN 25248 --- [http-nio-8080-exec-4] o.s.web.servlet.PageNotFound             : Request method 'GET' not supported
2023-06-07 10:19:47.031  INFO 25248 --- [SpringApplicationShutdownHook] j.LocalContainerEntityManagerFactoryBean : Closing JPA EntityManagerFactory for persistence unit 'default'
2023-06-07 10:19:47.032  INFO 25248 --- [SpringApplicationShutdownHook] com.zaxxer.hikari.HikariDataSource       : HikariPool-1 - Shutdown initiated...
2023-06-07 10:19:47.038  INFO 25248 --- [SpringApplicationShutdownHook] com.zaxxer.hikari.HikariDataSource       : HikariPool-1 - Shutdown completed.
2023-06-07 10:19:49.521  INFO 16864 --- [main] com.hw.hwapi.HwApiApplication            : Starting HwApiApplication using Java 20.0.1 on Jaimi-Pc with PID 16864 (C:\Users\jaimi\hw-api\hw-api\target\classes started by jaimi in C:\Users\jaimi\hw-api)
2023-06-07 10:19:49.523  INFO 16864 --- [main] com.hw.hwapi.HwApiApplication            : No active profile set, falling back to 1 default profile: "default"
2023-06-07 10:19:49.991  INFO 16864 --- [main] .s.d.r.c.RepositoryConfigurationDelegate : Bootstrapping Spring Data JPA repositories in DEFAULT mode.
2023-06-07 10:19:50.033  INFO 16864 --- [main] .s.d.r.c.RepositoryConfigurationDelegate : Finished Spring Data repository scanning in 35 ms. Found 2 JPA repository interfaces.
2023-06-07 10:19:50.484  INFO 16864 --- [main] o.s.b.w.embedded.tomcat.TomcatWebServer  : Tomcat initialized with port(s): 8080 (http)
2023-06-07 10:19:50.491  INFO 16864 --- [main] o.apache.catalina.core.StandardService   : Starting service [Tomcat]
2023-06-07 10:19:50.491  INFO 16864 --- [main] org.apache.catalina.core.StandardEngine  : Starting Servlet engine: [Apache Tomcat/9.0.75]
2023-06-07 10:19:50.639  INFO 16864 --- [main] o.a.c.c.C.[Tomcat].[localhost].[/]       : Initializing Spring embedded WebApplicationContext
2023-06-07 10:19:50.639  INFO 16864 --- [main] w.s.c.ServletWebServerApplicationContext : Root WebApplicationContext: initialization completed in 1078 ms
2023-06-07 10:19:50.745  INFO 16864 --- [main] o.hibernate.jpa.internal.util.LogHelper  : HHH000204: Processing PersistenceUnitInfo [name: default]
2023-06-07 10:19:50.785  INFO 16864 --- [main] org.hibernate.Version                    : HHH000412: Hibernate ORM core version 5.6.15.Final
2023-06-07 10:19:50.907  INFO 16864 --- [main] o.hibernate.annotations.common.Version   : HCANN000001: Hibernate Commons Annotations {5.1.2.Final}
2023-06-07 10:19:50.997  INFO 16864 --- [main] com.zaxxer.hikari.HikariDataSource       : HikariPool-1 - Starting...
2023-06-07 10:19:51.116  INFO 16864 --- [main] com.zaxxer.hikari.HikariDataSource       : HikariPool-1 - Start completed.
2023-06-07 10:19:51.128  INFO 16864 --- [main] org.hibernate.dialect.Dialect            : HHH000400: Using dialect: org.hibernate.dialect.MySQL5InnoDBDialect
2023-06-07 10:19:51.566  INFO 16864 --- [main] o.h.e.t.j.p.i.JtaPlatformInitiator       : HHH000490: Using JtaPlatform implementation: [org.hibernate.engine.transaction.jta.platform.internal.NoJtaPlatform]
2023-06-07 10:19:51.573  INFO 16864 --- [main] j.LocalContainerEntityManagerFactoryBean : Initialized JPA EntityManagerFactory for persistence unit 'default'
2023-06-07 10:19:51.849  WARN 16864 --- [main] JpaBaseConfiguration$JpaWebConfiguration : spring.jpa.open-in-view is enabled by default. Therefore, database queries may be performed during view rendering. Explicitly configure spring.jpa.open-in-view to disable this warning
2023-06-07 10:19:52.109  INFO 16864 --- [main] o.s.b.w.embedded.tomcat.TomcatWebServer  : Tomcat started on port(s): 8080 (http) with context path ''
2023-06-07 10:19:52.118  INFO 16864 --- [main] com.hw.hwapi.HwApiApplication            : Started HwApiApplication in 2.918 seconds (JVM running for 3.289)
2023-06-07 10:20:07.711  INFO 16864 --- [http-nio-8080-exec-2] o.a.c.c.C.[Tomcat].[localhost].[/]       : Initializing Spring DispatcherServlet 'dispatcherServlet'
2023-06-07 10:20:07.712  INFO 16864 --- [http-nio-8080-exec-2] o.s.web.servlet.DispatcherServlet        : Initializing Servlet 'dispatcherServlet'
2023-06-07 10:20:07.712  INFO 16864 --- [http-nio-8080-exec-2] o.s.web.servlet.DispatcherServlet        : Completed initialization in 0 ms
2023-06-07 10:36:33.119  INFO 16864 --- [SpringApplicationShutdownHook] j.LocalContainerEntityManagerFactoryBean : Closing JPA EntityManagerFactory for persistence unit 'default'
2023-06-07 10:36:33.124  INFO 16864 --- [SpringApplicationShutdownHook] com.zaxxer.hikari.HikariDataSource       : HikariPool-1 - Shutdown initiated...
2023-06-07 10:36:33.134  INFO 16864 --- [SpringApplicationShutdownHook] com.zaxxer.hikari.HikariDataSource       : HikariPool-1 - Shutdown completed.
2023-06-07 10:36:40.193  INFO 23560 --- [main] com.hw.hwapi.HwApiApplication            : Starting HwApiApplication using Java 20.0.1 on Jaimi-Pc with PID 23560 (C:\Users\jaimi\hw-api\hw-api\target\classes started by jaimi in C:\Users\jaimi\hw-api)
2023-06-07 10:36:40.199  INFO 23560 --- [main] com.hw.hwapi.HwApiApplication            : No active profile set, falling back to 1 default profile: "default"
2023-06-07 10:36:42.172  INFO 23560 --- [main] .s.d.r.c.RepositoryConfigurationDelegate : Bootstrapping Spring Data JPA repositories in DEFAULT mode.
2023-06-07 10:36:42.358  INFO 23560 --- [main] .s.d.r.c.RepositoryConfigurationDelegate : Finished Spring Data repository scanning in 126 ms. Found 2 JPA repository interfaces.
2023-06-07 10:36:44.038  INFO 23560 --- [main] o.s.b.w.embedded.tomcat.TomcatWebServer  : Tomcat initialized with port(s): 8080 (http)
2023-06-07 10:36:44.060  INFO 23560 --- [main] o.apache.catalina.core.StandardService   : Starting service [Tomcat]
2023-06-07 10:36:44.060  INFO 23560 --- [main] org.apache.catalina.core.StandardEngine  : Starting Servlet engine: [Apache Tomcat/9.0.75]
2023-06-07 10:36:44.315  INFO 23560 --- [main] o.a.c.c.C.[Tomcat].[localhost].[/]       : Initializing Spring embedded WebApplicationContext
2023-06-07 10:36:44.315  INFO 23560 --- [main] w.s.c.ServletWebServerApplicationContext : Root WebApplicationContext: initialization completed in 3935 ms
2023-06-07 10:36:44.643  INFO 23560 --- [main] o.hibernate.jpa.internal.util.LogHelper  : HHH000204: Processing PersistenceUnitInfo [name: default]
2023-06-07 10:36:44.725  INFO 23560 --- [main] org.hibernate.Version                    : HHH000412: Hibernate ORM core version 5.6.15.Final
2023-06-07 10:36:44.985  INFO 23560 --- [main] o.hibernate.annotations.common.Version   : HCANN000001: Hibernate Commons Annotations {5.1.2.Final}
2023-06-07 10:36:45.240  INFO 23560 --- [main] com.zaxxer.hikari.HikariDataSource       : HikariPool-1 - Starting...
2023-06-07 10:36:45.525  INFO 23560 --- [main] com.zaxxer.hikari.HikariDataSource       : HikariPool-1 - Start completed.
2023-06-07 10:36:45.549  INFO 23560 --- [main] org.hibernate.dialect.Dialect            : HHH000400: Using dialect: org.hibernate.dialect.MySQL5InnoDBDialect
2023-06-07 10:36:46.470  INFO 23560 --- [main] o.h.e.t.j.p.i.JtaPlatformInitiator       : HHH000490: Using JtaPlatform implementation: [org.hibernate.engine.transaction.jta.platform.internal.NoJtaPlatform]
2023-06-07 10:36:46.482  INFO 23560 --- [main] j.LocalContainerEntityManagerFactoryBean : Initialized JPA EntityManagerFactory for persistence unit 'default'
2023-06-07 10:36:47.414  WARN 23560 --- [main] JpaBaseConfiguration$JpaWebConfiguration : spring.jpa.open-in-view is enabled by default. Therefore, database queries may be performed during view rendering. Explicitly configure spring.jpa.open-in-view to disable this warning
2023-06-07 10:36:49.049  INFO 23560 --- [main] o.s.b.w.embedded.tomcat.TomcatWebServer  : Tomcat started on port(s): 8080 (http) with context path ''
2023-06-07 10:36:49.074  INFO 23560 --- [main] com.hw.hwapi.HwApiApplication            : Started HwApiApplication in 10.065 seconds (JVM running for 11.337)
2023-06-07 10:36:53.849  INFO 23560 --- [http-nio-8080-exec-2] o.a.c.c.C.[Tomcat].[localhost].[/]       : Initializing Spring DispatcherServlet 'dispatcherServlet'
2023-06-07 10:36:53.849  INFO 23560 --- [http-nio-8080-exec-2] o.s.web.servlet.DispatcherServlet        : Initializing Servlet 'dispatcherServlet'
2023-06-07 10:36:53.850  INFO 23560 --- [http-nio-8080-exec-2] o.s.web.servlet.DispatcherServlet        : Completed initialization in 1 ms
2023-06-07 10:47:38.327  INFO 23560 --- [SpringApplicationShutdownHook] j.LocalContainerEntityManagerFactoryBean : Closing JPA EntityManagerFactory for persistence unit 'default'
2023-06-07 10:47:38.329  INFO 23560 --- [SpringApplicationShutdownHook] com.zaxxer.hikari.HikariDataSource       : HikariPool-1 - Shutdown initiated...
2023-06-07 10:47:38.334  INFO 23560 --- [SpringApplicationShutdownHook] com.zaxxer.hikari.HikariDataSource       : HikariPool-1 - Shutdown completed.
2023-06-07 10:47:42.861  INFO 22452 --- [main] com.hw.hwapi.HwApiApplication            : Starting HwApiApplication using Java 20.0.1 on Jaimi-Pc with PID 22452 (C:\Users\jaimi\hw-api\hw-api\target\classes started by jaimi in C:\Users\jaimi\hw-api)
2023-06-07 10:47:42.863  INFO 22452 --- [main] com.hw.hwapi.HwApiApplication            : No active profile set, falling back to 1 default profile: "default"
2023-06-07 10:47:43.373  INFO 22452 --- [main] .s.d.r.c.RepositoryConfigurationDelegate : Bootstrapping Spring Data JPA repositories in DEFAULT mode.
2023-06-07 10:47:43.416  INFO 22452 --- [main] .s.d.r.c.RepositoryConfigurationDelegate : Finished Spring Data repository scanning in 33 ms. Found 2 JPA repository interfaces.
2023-06-07 10:47:43.881  INFO 22452 --- [main] o.s.b.w.embedded.tomcat.TomcatWebServer  : Tomcat initialized with port(s): 8080 (http)
2023-06-07 10:47:43.888  INFO 22452 --- [main] o.apache.catalina.core.StandardService   : Starting service [Tomcat]
2023-06-07 10:47:43.888  INFO 22452 --- [main] org.apache.catalina.core.StandardEngine  : Starting Servlet engine: [Apache Tomcat/9.0.75]
2023-06-07 10:47:44.040  INFO 22452 --- [main] o.a.c.c.C.[Tomcat].[localhost].[/]       : Initializing Spring embedded WebApplicationContext
2023-06-07 10:47:44.041  INFO 22452 --- [main] w.s.c.ServletWebServerApplicationContext : Root WebApplicationContext: initialization completed in 1141 ms
2023-06-07 10:47:44.149  INFO 22452 --- [main] o.hibernate.jpa.internal.util.LogHelper  : HHH000204: Processing PersistenceUnitInfo [name: default]
2023-06-07 10:47:44.189  INFO 22452 --- [main] org.hibernate.Version                    : HHH000412: Hibernate ORM core version 5.6.15.Final
2023-06-07 10:47:44.302  INFO 22452 --- [main] o.hibernate.annotations.common.Version   : HCANN000001: Hibernate Commons Annotations {5.1.2.Final}
2023-06-07 10:47:44.395  INFO 22452 --- [main] com.zaxxer.hikari.HikariDataSource       : HikariPool-1 - Starting...
2023-06-07 10:47:44.531  INFO 22452 --- [main] com.zaxxer.hikari.HikariDataSource       : HikariPool-1 - Start completed.
2023-06-07 10:47:44.544  INFO 22452 --- [main] org.hibernate.dialect.Dialect            : HHH000400: Using dialect: org.hibernate.dialect.MySQL5InnoDBDialect
2023-06-07 10:47:44.999  INFO 22452 --- [main] o.h.e.t.j.p.i.JtaPlatformInitiator       : HHH000490: Using JtaPlatform implementation: [org.hibernate.engine.transaction.jta.platform.internal.NoJtaPlatform]
2023-06-07 10:47:45.006  INFO 22452 --- [main] j.LocalContainerEntityManagerFactoryBean : Initialized JPA EntityManagerFactory for persistence unit 'default'
2023-06-07 10:47:45.320  WARN 22452 --- [main] JpaBaseConfiguration$JpaWebConfiguration : spring.jpa.open-in-view is enabled by default. Therefore, database queries may be performed during view rendering. Explicitly configure spring.jpa.open-in-view to disable this warning
2023-06-07 10:47:45.597  INFO 22452 --- [main] o.s.b.w.embedded.tomcat.TomcatWebServer  : Tomcat started on port(s): 8080 (http) with context path ''
2023-06-07 10:47:45.606  INFO 22452 --- [main] com.hw.hwapi.HwApiApplication            : Started HwApiApplication in 3.068 seconds (JVM running for 3.441)
2023-06-07 10:47:55.632  INFO 22452 --- [SpringApplicationShutdownHook] j.LocalContainerEntityManagerFactoryBean : Closing JPA EntityManagerFactory for persistence unit 'default'
2023-06-07 10:47:55.633  INFO 22452 --- [SpringApplicationShutdownHook] com.zaxxer.hikari.HikariDataSource       : HikariPool-1 - Shutdown initiated...
2023-06-07 10:47:55.639  INFO 22452 --- [SpringApplicationShutdownHook] com.zaxxer.hikari.HikariDataSource       : HikariPool-1 - Shutdown completed.
2023-06-07 10:47:57.088  INFO 5272 --- [main] com.hw.hwapi.HwApiApplication            : Starting HwApiApplication using Java 20.0.1 on Jaimi-Pc with PID 5272 (C:\Users\jaimi\hw-api\hw-api\target\classes started by jaimi in C:\Users\jaimi\hw-api)
2023-06-07 10:47:57.090  INFO 5272 --- [main] com.hw.hwapi.HwApiApplication            : No active profile set, falling back to 1 default profile: "default"
2023-06-07 10:47:57.580  INFO 5272 --- [main] .s.d.r.c.RepositoryConfigurationDelegate : Bootstrapping Spring Data JPA repositories in DEFAULT mode.
2023-06-07 10:47:57.622  INFO 5272 --- [main] .s.d.r.c.RepositoryConfigurationDelegate : Finished Spring Data repository scanning in 36 ms. Found 2 JPA repository interfaces.
2023-06-07 10:47:58.071  INFO 5272 --- [main] o.s.b.w.embedded.tomcat.TomcatWebServer  : Tomcat initialized with port(s): 8080 (http)
2023-06-07 10:47:58.078  INFO 5272 --- [main] o.apache.catalina.core.StandardService   : Starting service [Tomcat]
2023-06-07 10:47:58.078  INFO 5272 --- [main] org.apache.catalina.core.StandardEngine  : Starting Servlet engine: [Apache Tomcat/9.0.75]
2023-06-07 10:47:58.228  INFO 5272 --- [main] o.a.c.c.C.[Tomcat].[localhost].[/]       : Initializing Spring embedded WebApplicationContext
2023-06-07 10:47:58.229  INFO 5272 --- [main] w.s.c.ServletWebServerApplicationContext : Root WebApplicationContext: initialization completed in 1102 ms
2023-06-07 10:47:58.340  INFO 5272 --- [main] o.hibernate.jpa.internal.util.LogHelper  : HHH000204: Processing PersistenceUnitInfo [name: default]
2023-06-07 10:47:58.377  INFO 5272 --- [main] org.hibernate.Version                    : HHH000412: Hibernate ORM core version 5.6.15.Final
2023-06-07 10:47:58.502  INFO 5272 --- [main] o.hibernate.annotations.common.Version   : HCANN000001: Hibernate Commons Annotations {5.1.2.Final}
2023-06-07 10:47:58.594  INFO 5272 --- [main] com.zaxxer.hikari.HikariDataSource       : HikariPool-1 - Starting...
2023-06-07 10:47:58.713  INFO 5272 --- [main] com.zaxxer.hikari.HikariDataSource       : HikariPool-1 - Start completed.
2023-06-07 10:47:58.724  INFO 5272 --- [main] org.hibernate.dialect.Dialect            : HHH000400: Using dialect: org.hibernate.dialect.MySQL5InnoDBDialect
2023-06-07 10:47:59.162  INFO 5272 --- [main] o.h.e.t.j.p.i.JtaPlatformInitiator       : HHH000490: Using JtaPlatform implementation: [org.hibernate.engine.transaction.jta.platform.internal.NoJtaPlatform]
2023-06-07 10:47:59.169  INFO 5272 --- [main] j.LocalContainerEntityManagerFactoryBean : Initialized JPA EntityManagerFactory for persistence unit 'default'
2023-06-07 10:47:59.450  WARN 5272 --- [main] JpaBaseConfiguration$JpaWebConfiguration : spring.jpa.open-in-view is enabled by default. Therefore, database queries may be performed during view rendering. Explicitly configure spring.jpa.open-in-view to disable this warning
2023-06-07 10:47:59.714  INFO 5272 --- [main] o.s.b.w.embedded.tomcat.TomcatWebServer  : Tomcat started on port(s): 8080 (http) with context path ''
2023-06-07 10:47:59.724  INFO 5272 --- [main] com.hw.hwapi.HwApiApplication            : Started HwApiApplication in 2.959 seconds (JVM running for 3.326)
2023-06-07 10:48:13.363  INFO 5272 --- [http-nio-8080-exec-2] o.a.c.c.C.[Tomcat].[localhost].[/]       : Initializing Spring DispatcherServlet 'dispatcherServlet'
2023-06-07 10:48:13.363  INFO 5272 --- [http-nio-8080-exec-2] o.s.web.servlet.DispatcherServlet        : Initializing Servlet 'dispatcherServlet'
2023-06-07 10:48:13.364  INFO 5272 --- [http-nio-8080-exec-2] o.s.web.servlet.DispatcherServlet        : Completed initialization in 1 ms
2023-06-07 10:50:09.099  INFO 5272 --- [SpringApplicationShutdownHook] j.LocalContainerEntityManagerFactoryBean : Closing JPA EntityManagerFactory for persistence unit 'default'
2023-06-07 10:50:09.100  INFO 5272 --- [SpringApplicationShutdownHook] com.zaxxer.hikari.HikariDataSource       : HikariPool-1 - Shutdown initiated...
2023-06-07 10:50:09.105  INFO 5272 --- [SpringApplicationShutdownHook] com.zaxxer.hikari.HikariDataSource       : HikariPool-1 - Shutdown completed.
2023-06-07 10:50:11.464  INFO 12632 --- [main] com.hw.hwapi.HwApiApplication            : Starting HwApiApplication using Java 20.0.1 on Jaimi-Pc with PID 12632 (C:\Users\jaimi\hw-api\hw-api\target\classes started by jaimi in C:\Users\jaimi\hw-api)
2023-06-07 10:50:11.466  INFO 12632 --- [main] com.hw.hwapi.HwApiApplication            : No active profile set, falling back to 1 default profile: "default"
2023-06-07 10:50:11.936  INFO 12632 --- [main] .s.d.r.c.RepositoryConfigurationDelegate : Bootstrapping Spring Data JPA repositories in DEFAULT mode.
2023-06-07 10:50:11.979  INFO 12632 --- [main] .s.d.r.c.RepositoryConfigurationDelegate : Finished Spring Data repository scanning in 35 ms. Found 2 JPA repository interfaces.
2023-06-07 10:50:12.831  INFO 12632 --- [main] o.s.b.w.embedded.tomcat.TomcatWebServer  : Tomcat initialized with port(s): 8080 (http)
2023-06-07 10:50:12.838  INFO 12632 --- [main] o.apache.catalina.core.StandardService   : Starting service [Tomcat]
2023-06-07 10:50:12.838  INFO 12632 --- [main] org.apache.catalina.core.StandardEngine  : Starting Servlet engine: [Apache Tomcat/9.0.75]
2023-06-07 10:50:13.046  INFO 12632 --- [main] o.a.c.c.C.[Tomcat].[localhost].[/]       : Initializing Spring embedded WebApplicationContext
2023-06-07 10:50:13.047  INFO 12632 --- [main] w.s.c.ServletWebServerApplicationContext : Root WebApplicationContext: initialization completed in 1544 ms
2023-06-07 10:50:13.309  INFO 12632 --- [main] o.hibernate.jpa.internal.util.LogHelper  : HHH000204: Processing PersistenceUnitInfo [name: default]
2023-06-07 10:50:13.362  INFO 12632 --- [main] org.hibernate.Version                    : HHH000412: Hibernate ORM core version 5.6.15.Final
2023-06-07 10:50:13.508  INFO 12632 --- [main] o.hibernate.annotations.common.Version   : HCANN000001: Hibernate Commons Annotations {5.1.2.Final}
2023-06-07 10:50:13.706  INFO 12632 --- [main] com.zaxxer.hikari.HikariDataSource       : HikariPool-1 - Starting...
2023-06-07 10:50:13.948  INFO 12632 --- [main] com.zaxxer.hikari.HikariDataSource       : HikariPool-1 - Start completed.
2023-06-07 10:50:13.962  INFO 12632 --- [main] org.hibernate.dialect.Dialect            : HHH000400: Using dialect: org.hibernate.dialect.MySQL5InnoDBDialect
2023-06-07 10:50:14.800  INFO 12632 --- [main] o.h.e.t.j.p.i.JtaPlatformInitiator       : HHH000490: Using JtaPlatform implementation: [org.hibernate.engine.transaction.jta.platform.internal.NoJtaPlatform]
2023-06-07 10:50:14.816  INFO 12632 --- [main] j.LocalContainerEntityManagerFactoryBean : Initialized JPA EntityManagerFactory for persistence unit 'default'
2023-06-07 10:50:15.941  WARN 12632 --- [main] JpaBaseConfiguration$JpaWebConfiguration : spring.jpa.open-in-view is enabled by default. Therefore, database queries may be performed during view rendering. Explicitly configure spring.jpa.open-in-view to disable this warning
2023-06-07 10:50:16.234  INFO 12632 --- [main] o.s.b.w.embedded.tomcat.TomcatWebServer  : Tomcat started on port(s): 8080 (http) with context path ''
2023-06-07 10:50:16.244  INFO 12632 --- [main] com.hw.hwapi.HwApiApplication            : Started HwApiApplication in 5.097 seconds (JVM running for 5.456)
2023-06-07 10:50:21.563  INFO 12632 --- [http-nio-8080-exec-1] o.a.c.c.C.[Tomcat].[localhost].[/]       : Initializing Spring DispatcherServlet 'dispatcherServlet'
2023-06-07 10:50:21.563  INFO 12632 --- [http-nio-8080-exec-1] o.s.web.servlet.DispatcherServlet        : Initializing Servlet 'dispatcherServlet'
2023-06-07 10:50:21.564  INFO 12632 --- [http-nio-8080-exec-1] o.s.web.servlet.DispatcherServlet        : Completed initialization in 0 ms
2023-06-07 10:50:36.135  WARN 12632 --- [http-nio-8080-exec-4] o.s.web.servlet.PageNotFound             : Request method 'POST' not supported
2023-06-07 10:51:05.708  WARN 12632 --- [http-nio-8080-exec-7] o.s.web.servlet.PageNotFound             : Request method 'POST' not supported
2023-06-07 10:54:38.486  WARN 12632 --- [http-nio-8080-exec-4] o.s.web.servlet.PageNotFound             : Request method 'GET' not supported
2023-06-07 10:54:44.609  WARN 12632 --- [http-nio-8080-exec-5] o.s.web.servlet.PageNotFound             : Request method 'GET' not supported
2023-06-07 11:05:07.956  INFO 12632 --- [SpringApplicationShutdownHook] j.LocalContainerEntityManagerFactoryBean : Closing JPA EntityManagerFactory for persistence unit 'default'
2023-06-07 11:05:07.957  INFO 12632 --- [SpringApplicationShutdownHook] com.zaxxer.hikari.HikariDataSource       : HikariPool-1 - Shutdown initiated...
2023-06-07 11:05:07.969  INFO 12632 --- [SpringApplicationShutdownHook] com.zaxxer.hikari.HikariDataSource       : HikariPool-1 - Shutdown completed.
2023-06-07 11:05:13.661  INFO 14596 --- [main] com.hw.hwapi.HwApiApplication            : Starting HwApiApplication using Java 20.0.1 on Jaimi-Pc with PID 14596 (C:\Users\jaimi\hw-api\hw-api\target\classes started by jaimi in C:\Users\jaimi\hw-api)
2023-06-07 11:05:13.663  INFO 14596 --- [main] com.hw.hwapi.HwApiApplication            : No active profile set, falling back to 1 default profile: "default"
2023-06-07 11:05:15.982  INFO 14596 --- [main] .s.d.r.c.RepositoryConfigurationDelegate : Bootstrapping Spring Data JPA repositories in DEFAULT mode.
2023-06-07 11:05:16.245  INFO 14596 --- [main] .s.d.r.c.RepositoryConfigurationDelegate : Finished Spring Data repository scanning in 196 ms. Found 2 JPA repository interfaces.
2023-06-07 11:05:18.508  INFO 14596 --- [main] o.s.b.w.embedded.tomcat.TomcatWebServer  : Tomcat initialized with port(s): 8080 (http)
2023-06-07 11:05:18.525  INFO 14596 --- [main] o.apache.catalina.core.StandardService   : Starting service [Tomcat]
2023-06-07 11:05:18.536  INFO 14596 --- [main] org.apache.catalina.core.StandardEngine  : Starting Servlet engine: [Apache Tomcat/9.0.75]
2023-06-07 11:05:18.843  INFO 14596 --- [main] o.a.c.c.C.[Tomcat].[localhost].[/]       : Initializing Spring embedded WebApplicationContext
2023-06-07 11:05:18.843  INFO 14596 --- [main] w.s.c.ServletWebServerApplicationContext : Root WebApplicationContext: initialization completed in 4985 ms
2023-06-07 11:05:19.213  INFO 14596 --- [main] o.hibernate.jpa.internal.util.LogHelper  : HHH000204: Processing PersistenceUnitInfo [name: default]
2023-06-07 11:05:19.320  INFO 14596 --- [main] org.hibernate.Version                    : HHH000412: Hibernate ORM core version 5.6.15.Final
2023-06-07 11:05:19.606  INFO 14596 --- [main] o.hibernate.annotations.common.Version   : HCANN000001: Hibernate Commons Annotations {5.1.2.Final}
2023-06-07 11:05:19.810  INFO 14596 --- [main] com.zaxxer.hikari.HikariDataSource       : HikariPool-1 - Starting...
2023-06-07 11:05:20.086  INFO 14596 --- [main] com.zaxxer.hikari.HikariDataSource       : HikariPool-1 - Start completed.
2023-06-07 11:05:20.108  INFO 14596 --- [main] org.hibernate.dialect.Dialect            : HHH000400: Using dialect: org.hibernate.dialect.MySQL5InnoDBDialect
2023-06-07 11:05:20.845  INFO 14596 --- [main] o.h.e.t.j.p.i.JtaPlatformInitiator       : HHH000490: Using JtaPlatform implementation: [org.hibernate.engine.transaction.jta.platform.internal.NoJtaPlatform]
2023-06-07 11:05:20.852  INFO 14596 --- [main] j.LocalContainerEntityManagerFactoryBean : Initialized JPA EntityManagerFactory for persistence unit 'default'
2023-06-07 11:05:22.244  WARN 14596 --- [main] JpaBaseConfiguration$JpaWebConfiguration : spring.jpa.open-in-view is enabled by default. Therefore, database queries may be performed during view rendering. Explicitly configure spring.jpa.open-in-view to disable this warning
2023-06-07 11:05:23.376  INFO 14596 --- [main] o.s.b.w.embedded.tomcat.TomcatWebServer  : Tomcat started on port(s): 8080 (http) with context path ''
2023-06-07 11:05:23.413  INFO 14596 --- [main] com.hw.hwapi.HwApiApplication            : Started HwApiApplication in 11.004 seconds (JVM running for 12.264)
2023-06-07 11:05:34.382  INFO 14596 --- [http-nio-8080-exec-2] o.a.c.c.C.[Tomcat].[localhost].[/]       : Initializing Spring DispatcherServlet 'dispatcherServlet'
2023-06-07 11:05:34.382  INFO 14596 --- [http-nio-8080-exec-2] o.s.web.servlet.DispatcherServlet        : Initializing Servlet 'dispatcherServlet'
2023-06-07 11:05:34.383  INFO 14596 --- [http-nio-8080-exec-2] o.s.web.servlet.DispatcherServlet        : Completed initialization in 1 ms
2023-06-07 11:19:42.226  INFO 14596 --- [SpringApplicationShutdownHook] j.LocalContainerEntityManagerFactoryBean : Closing JPA EntityManagerFactory for persistence unit 'default'
2023-06-07 11:19:42.228  INFO 14596 --- [SpringApplicationShutdownHook] com.zaxxer.hikari.HikariDataSource       : HikariPool-1 - Shutdown initiated...
2023-06-07 11:19:42.244  INFO 14596 --- [SpringApplicationShutdownHook] com.zaxxer.hikari.HikariDataSource       : HikariPool-1 - Shutdown completed.
2023-06-07 11:19:50.766  INFO 22260 --- [main] com.hw.hwapi.HwApiApplication            : Starting HwApiApplication using Java 20.0.1 on Jaimi-Pc with PID 22260 (C:\Users\jaimi\hw-api\hw-api\target\classes started by jaimi in C:\Users\jaimi\hw-api)
2023-06-07 11:19:50.779  INFO 22260 --- [main] com.hw.hwapi.HwApiApplication            : No active profile set, falling back to 1 default profile: "default"
2023-06-07 11:19:52.994  INFO 22260 --- [main] .s.d.r.c.RepositoryConfigurationDelegate : Bootstrapping Spring Data JPA repositories in DEFAULT mode.
2023-06-07 11:19:53.163  INFO 22260 --- [main] .s.d.r.c.RepositoryConfigurationDelegate : Finished Spring Data repository scanning in 114 ms. Found 2 JPA repository interfaces.
2023-06-07 11:19:54.825  INFO 22260 --- [main] o.s.b.w.embedded.tomcat.TomcatWebServer  : Tomcat initialized with port(s): 8080 (http)
2023-06-07 11:19:54.832  INFO 22260 --- [main] o.apache.catalina.core.StandardService   : Starting service [Tomcat]
2023-06-07 11:19:54.832  INFO 22260 --- [main] org.apache.catalina.core.StandardEngine  : Starting Servlet engine: [Apache Tomcat/9.0.75]
2023-06-07 11:19:55.090  INFO 22260 --- [main] o.a.c.c.C.[Tomcat].[localhost].[/]       : Initializing Spring embedded WebApplicationContext
2023-06-07 11:19:55.090  INFO 22260 --- [main] w.s.c.ServletWebServerApplicationContext : Root WebApplicationContext: initialization completed in 4136 ms
2023-06-07 11:19:55.461  INFO 22260 --- [main] o.hibernate.jpa.internal.util.LogHelper  : HHH000204: Processing PersistenceUnitInfo [name: default]
2023-06-07 11:19:55.549  INFO 22260 --- [main] org.hibernate.Version                    : HHH000412: Hibernate ORM core version 5.6.15.Final
2023-06-07 11:19:55.822  INFO 22260 --- [main] o.hibernate.annotations.common.Version   : HCANN000001: Hibernate Commons Annotations {5.1.2.Final}
2023-06-07 11:19:56.105  INFO 22260 --- [main] com.zaxxer.hikari.HikariDataSource       : HikariPool-1 - Starting...
2023-06-07 11:19:56.353  INFO 22260 --- [main] com.zaxxer.hikari.HikariDataSource       : HikariPool-1 - Start completed.
2023-06-07 11:19:56.363  INFO 22260 --- [main] org.hibernate.dialect.Dialect            : HHH000400: Using dialect: org.hibernate.dialect.MySQL5InnoDBDialect
2023-06-07 11:19:57.340  INFO 22260 --- [main] o.h.e.t.j.p.i.JtaPlatformInitiator       : HHH000490: Using JtaPlatform implementation: [org.hibernate.engine.transaction.jta.platform.internal.NoJtaPlatform]
2023-06-07 11:19:57.347  INFO 22260 --- [main] j.LocalContainerEntityManagerFactoryBean : Initialized JPA EntityManagerFactory for persistence unit 'default'
2023-06-07 11:19:58.266  WARN 22260 --- [main] JpaBaseConfiguration$JpaWebConfiguration : spring.jpa.open-in-view is enabled by default. Therefore, database queries may be performed during view rendering. Explicitly configure spring.jpa.open-in-view to disable this warning
2023-06-07 11:19:59.501  INFO 22260 --- [main] o.s.b.w.embedded.tomcat.TomcatWebServer  : Tomcat started on port(s): 8080 (http) with context path ''
2023-06-07 11:19:59.549  INFO 22260 --- [main] com.hw.hwapi.HwApiApplication            : Started HwApiApplication in 10.171 seconds (JVM running for 11.572)
2023-06-07 11:20:09.769  INFO 22260 --- [http-nio-8080-exec-1] o.a.c.c.C.[Tomcat].[localhost].[/]       : Initializing Spring DispatcherServlet 'dispatcherServlet'
2023-06-07 11:20:09.770  INFO 22260 --- [http-nio-8080-exec-1] o.s.web.servlet.DispatcherServlet        : Initializing Servlet 'dispatcherServlet'
2023-06-07 11:20:09.770  INFO 22260 --- [http-nio-8080-exec-1] o.s.web.servlet.DispatcherServlet        : Completed initialization in 0 ms
2023-06-07 11:21:12.824  WARN 22260 --- [http-nio-8080-exec-10] o.s.web.servlet.PageNotFound             : Request method 'GET' not supported
2023-06-07 11:21:21.229  WARN 22260 --- [http-nio-8080-exec-2] o.s.web.servlet.PageNotFound             : Request method 'GET' not supported
2023-06-07 11:21:28.351  WARN 22260 --- [http-nio-8080-exec-1] o.s.web.servlet.PageNotFound             : Request method 'GET' not supported
2023-06-07 11:40:11.841  INFO 22260 --- [SpringApplicationShutdownHook] j.LocalContainerEntityManagerFactoryBean : Closing JPA EntityManagerFactory for persistence unit 'default'
2023-06-07 11:40:11.842  INFO 22260 --- [SpringApplicationShutdownHook] com.zaxxer.hikari.HikariDataSource       : HikariPool-1 - Shutdown initiated...
2023-06-07 11:40:11.847  INFO 22260 --- [SpringApplicationShutdownHook] com.zaxxer.hikari.HikariDataSource       : HikariPool-1 - Shutdown completed.
2023-06-07 11:40:14.402  INFO 25372 --- [main] com.hw.hwapi.HwApiApplication            : Starting HwApiApplication using Java 20.0.1 on Jaimi-Pc with PID 25372 (C:\Users\jaimi\hw-api\hw-api\target\classes started by jaimi in C:\Users\jaimi\hw-api)
2023-06-07 11:40:14.404  INFO 25372 --- [main] com.hw.hwapi.HwApiApplication            : No active profile set, falling back to 1 default profile: "default"
2023-06-07 11:40:14.975  INFO 25372 --- [main] .s.d.r.c.RepositoryConfigurationDelegate : Bootstrapping Spring Data JPA repositories in DEFAULT mode.
2023-06-07 11:40:15.020  INFO 25372 --- [main] .s.d.r.c.RepositoryConfigurationDelegate : Finished Spring Data repository scanning in 38 ms. Found 2 JPA repository interfaces.
2023-06-07 11:40:15.501  INFO 25372 --- [main] o.s.b.w.embedded.tomcat.TomcatWebServer  : Tomcat initialized with port(s): 8080 (http)
2023-06-07 11:40:15.509  INFO 25372 --- [main] o.apache.catalina.core.StandardService   : Starting service [Tomcat]
2023-06-07 11:40:15.510  INFO 25372 --- [main] org.apache.catalina.core.StandardEngine  : Starting Servlet engine: [Apache Tomcat/9.0.75]
2023-06-07 11:40:15.706  INFO 25372 --- [main] o.a.c.c.C.[Tomcat].[localhost].[/]       : Initializing Spring embedded WebApplicationContext
2023-06-07 11:40:15.707  INFO 25372 --- [main] w.s.c.ServletWebServerApplicationContext : Root WebApplicationContext: initialization completed in 1259 ms
2023-06-07 11:40:15.841  INFO 25372 --- [main] o.hibernate.jpa.internal.util.LogHelper  : HHH000204: Processing PersistenceUnitInfo [name: default]
2023-06-07 11:40:15.882  INFO 25372 --- [main] org.hibernate.Version                    : HHH000412: Hibernate ORM core version 5.6.15.Final
2023-06-07 11:40:16.008  INFO 25372 --- [main] o.hibernate.annotations.common.Version   : HCANN000001: Hibernate Commons Annotations {5.1.2.Final}
2023-06-07 11:40:16.091  INFO 25372 --- [main] com.zaxxer.hikari.HikariDataSource       : HikariPool-1 - Starting...
2023-06-07 11:40:16.229  INFO 25372 --- [main] com.zaxxer.hikari.HikariDataSource       : HikariPool-1 - Start completed.
2023-06-07 11:40:16.240  INFO 25372 --- [main] org.hibernate.dialect.Dialect            : HHH000400: Using dialect: org.hibernate.dialect.MySQL5InnoDBDialect
2023-06-07 11:40:16.706  INFO 25372 --- [main] o.h.e.t.j.p.i.JtaPlatformInitiator       : HHH000490: Using JtaPlatform implementation: [org.hibernate.engine.transaction.jta.platform.internal.NoJtaPlatform]
2023-06-07 11:40:16.714  INFO 25372 --- [main] j.LocalContainerEntityManagerFactoryBean : Initialized JPA EntityManagerFactory for persistence unit 'default'
2023-06-07 11:40:17.041  WARN 25372 --- [main] JpaBaseConfiguration$JpaWebConfiguration : spring.jpa.open-in-view is enabled by default. Therefore, database queries may be performed during view rendering. Explicitly configure spring.jpa.open-in-view to disable this warning
2023-06-07 11:40:17.336  INFO 25372 --- [main] o.s.b.w.embedded.tomcat.TomcatWebServer  : Tomcat started on port(s): 8080 (http) with context path ''
2023-06-07 11:40:17.349  INFO 25372 --- [main] com.hw.hwapi.HwApiApplication            : Started HwApiApplication in 3.395 seconds (JVM running for 3.798)
2023-06-07 11:40:26.199  INFO 25372 --- [http-nio-8080-exec-1] o.a.c.c.C.[Tomcat].[localhost].[/]       : Initializing Spring DispatcherServlet 'dispatcherServlet'
2023-06-07 11:40:26.199  INFO 25372 --- [http-nio-8080-exec-1] o.s.web.servlet.DispatcherServlet        : Initializing Servlet 'dispatcherServlet'
2023-06-07 11:40:26.200  INFO 25372 --- [http-nio-8080-exec-1] o.s.web.servlet.DispatcherServlet        : Completed initialization in 1 ms
2023-06-07 11:40:41.130  WARN 25372 --- [http-nio-8080-exec-4] o.s.web.servlet.PageNotFound             : Request method 'GET' not supported
2023-06-07 12:18:58.934  INFO 25372 --- [SpringApplicationShutdownHook] j.LocalContainerEntityManagerFactoryBean : Closing JPA EntityManagerFactory for persistence unit 'default'
2023-06-07 12:18:58.936  INFO 25372 --- [SpringApplicationShutdownHook] com.zaxxer.hikari.HikariDataSource       : HikariPool-1 - Shutdown initiated...
2023-06-07 12:18:58.938  INFO 25372 --- [SpringApplicationShutdownHook] com.zaxxer.hikari.HikariDataSource       : HikariPool-1 - Shutdown completed.
2023-06-07 12:19:07.234  INFO 23856 --- [main] com.hw.hwapi.HwApiApplication            : Starting HwApiApplication using Java 20.0.1 on Jaimi-Pc with PID 23856 (C:\Users\jaimi\hw-api\hw-api\target\classes started by jaimi in C:\Users\jaimi\hw-api)
2023-06-07 12:19:07.242  INFO 23856 --- [main] com.hw.hwapi.HwApiApplication            : No active profile set, falling back to 1 default profile: "default"
2023-06-07 12:19:09.458  INFO 23856 --- [main] .s.d.r.c.RepositoryConfigurationDelegate : Bootstrapping Spring Data JPA repositories in DEFAULT mode.
2023-06-07 12:19:09.688  INFO 23856 --- [main] .s.d.r.c.RepositoryConfigurationDelegate : Finished Spring Data repository scanning in 182 ms. Found 2 JPA repository interfaces.
2023-06-07 12:19:11.147  INFO 23856 --- [main] o.s.b.w.embedded.tomcat.TomcatWebServer  : Tomcat initialized with port(s): 8080 (http)
2023-06-07 12:19:11.155  INFO 23856 --- [main] o.apache.catalina.core.StandardService   : Starting service [Tomcat]
2023-06-07 12:19:11.155  INFO 23856 --- [main] org.apache.catalina.core.StandardEngine  : Starting Servlet engine: [Apache Tomcat/9.0.75]
2023-06-07 12:19:11.414  INFO 23856 --- [main] o.a.c.c.C.[Tomcat].[localhost].[/]       : Initializing Spring embedded WebApplicationContext
2023-06-07 12:19:11.414  INFO 23856 --- [main] w.s.c.ServletWebServerApplicationContext : Root WebApplicationContext: initialization completed in 3980 ms
2023-06-07 12:19:11.770  INFO 23856 --- [main] o.hibernate.jpa.internal.util.LogHelper  : HHH000204: Processing PersistenceUnitInfo [name: default]
2023-06-07 12:19:11.835  INFO 23856 --- [main] org.hibernate.Version                    : HHH000412: Hibernate ORM core version 5.6.15.Final
2023-06-07 12:19:12.050  INFO 23856 --- [main] o.hibernate.annotations.common.Version   : HCANN000001: Hibernate Commons Annotations {5.1.2.Final}
2023-06-07 12:19:12.265  INFO 23856 --- [main] com.zaxxer.hikari.HikariDataSource       : HikariPool-1 - Starting...
2023-06-07 12:19:12.493  INFO 23856 --- [main] com.zaxxer.hikari.HikariDataSource       : HikariPool-1 - Start completed.
2023-06-07 12:19:12.513  INFO 23856 --- [main] org.hibernate.dialect.Dialect            : HHH000400: Using dialect: org.hibernate.dialect.MySQL5InnoDBDialect
2023-06-07 12:19:13.678  INFO 23856 --- [main] o.h.e.t.j.p.i.JtaPlatformInitiator       : HHH000490: Using JtaPlatform implementation: [org.hibernate.engine.transaction.jta.platform.internal.NoJtaPlatform]
2023-06-07 12:19:13.690  INFO 23856 --- [main] j.LocalContainerEntityManagerFactoryBean : Initialized JPA EntityManagerFactory for persistence unit 'default'
2023-06-07 12:19:14.624  WARN 23856 --- [main] JpaBaseConfiguration$JpaWebConfiguration : spring.jpa.open-in-view is enabled by default. Therefore, database queries may be performed during view rendering. Explicitly configure spring.jpa.open-in-view to disable this warning
2023-06-07 12:19:15.837  INFO 23856 --- [main] o.s.b.w.embedded.tomcat.TomcatWebServer  : Tomcat started on port(s): 8080 (http) with context path ''
2023-06-07 12:19:15.864  INFO 23856 --- [main] com.hw.hwapi.HwApiApplication            : Started HwApiApplication in 9.83 seconds (JVM running for 10.942)
2023-06-07 12:19:21.307  INFO 23856 --- [http-nio-8080-exec-2] o.a.c.c.C.[Tomcat].[localhost].[/]       : Initializing Spring DispatcherServlet 'dispatcherServlet'
2023-06-07 12:19:21.308  INFO 23856 --- [http-nio-8080-exec-2] o.s.web.servlet.DispatcherServlet        : Initializing Servlet 'dispatcherServlet'
2023-06-07 12:19:21.308  INFO 23856 --- [http-nio-8080-exec-2] o.s.web.servlet.DispatcherServlet        : Completed initialization in 0 ms
2023-06-07 12:25:47.116  INFO 23856 --- [SpringApplicationShutdownHook] j.LocalContainerEntityManagerFactoryBean : Closing JPA EntityManagerFactory for persistence unit 'default'
2023-06-07 12:25:47.119  INFO 23856 --- [SpringApplicationShutdownHook] com.zaxxer.hikari.HikariDataSource       : HikariPool-1 - Shutdown initiated...
2023-06-07 12:25:47.124  INFO 23856 --- [SpringApplicationShutdownHook] com.zaxxer.hikari.HikariDataSource       : HikariPool-1 - Shutdown completed.
2023-06-07 12:25:49.589  INFO 3912 --- [main] com.hw.hwapi.HwApiApplication            : Starting HwApiApplication using Java 20.0.1 on Jaimi-Pc with PID 3912 (C:\Users\jaimi\hw-api\hw-api\target\classes started by jaimi in C:\Users\jaimi\hw-api)
2023-06-07 12:25:49.591  INFO 3912 --- [main] com.hw.hwapi.HwApiApplication            : No active profile set, falling back to 1 default profile: "default"
2023-06-07 12:25:50.091  INFO 3912 --- [main] .s.d.r.c.RepositoryConfigurationDelegate : Bootstrapping Spring Data JPA repositories in DEFAULT mode.
2023-06-07 12:25:50.131  INFO 3912 --- [main] .s.d.r.c.RepositoryConfigurationDelegate : Finished Spring Data repository scanning in 34 ms. Found 2 JPA repository interfaces.
2023-06-07 12:25:50.616  INFO 3912 --- [main] o.s.b.w.embedded.tomcat.TomcatWebServer  : Tomcat initialized with port(s): 8080 (http)
2023-06-07 12:25:50.624  INFO 3912 --- [main] o.apache.catalina.core.StandardService   : Starting service [Tomcat]
2023-06-07 12:25:50.624  INFO 3912 --- [main] org.apache.catalina.core.StandardEngine  : Starting Servlet engine: [Apache Tomcat/9.0.75]
2023-06-07 12:25:50.776  INFO 3912 --- [main] o.a.c.c.C.[Tomcat].[localhost].[/]       : Initializing Spring embedded WebApplicationContext
2023-06-07 12:25:50.776  INFO 3912 --- [main] w.s.c.ServletWebServerApplicationContext : Root WebApplicationContext: initialization completed in 1143 ms
2023-06-07 12:25:50.903  INFO 3912 --- [main] o.hibernate.jpa.internal.util.LogHelper  : HHH000204: Processing PersistenceUnitInfo [name: default]
2023-06-07 12:25:50.947  INFO 3912 --- [main] org.hibernate.Version                    : HHH000412: Hibernate ORM core version 5.6.15.Final
2023-06-07 12:25:51.074  INFO 3912 --- [main] o.hibernate.annotations.common.Version   : HCANN000001: Hibernate Commons Annotations {5.1.2.Final}
2023-06-07 12:25:51.170  INFO 3912 --- [main] com.zaxxer.hikari.HikariDataSource       : HikariPool-1 - Starting...
2023-06-07 12:25:51.301  INFO 3912 --- [main] com.zaxxer.hikari.HikariDataSource       : HikariPool-1 - Start completed.
2023-06-07 12:25:51.313  INFO 3912 --- [main] org.hibernate.dialect.Dialect            : HHH000400: Using dialect: org.hibernate.dialect.MySQL5InnoDBDialect
2023-06-07 12:25:51.781  INFO 3912 --- [main] o.h.e.t.j.p.i.JtaPlatformInitiator       : HHH000490: Using JtaPlatform implementation: [org.hibernate.engine.transaction.jta.platform.internal.NoJtaPlatform]
2023-06-07 12:25:51.789  INFO 3912 --- [main] j.LocalContainerEntityManagerFactoryBean : Initialized JPA EntityManagerFactory for persistence unit 'default'
2023-06-07 12:25:52.063  WARN 3912 --- [main] JpaBaseConfiguration$JpaWebConfiguration : spring.jpa.open-in-view is enabled by default. Therefore, database queries may be performed during view rendering. Explicitly configure spring.jpa.open-in-view to disable this warning
2023-06-07 12:25:52.737  INFO 3912 --- [main] o.s.b.w.embedded.tomcat.TomcatWebServer  : Tomcat started on port(s): 8080 (http) with context path ''
2023-06-07 12:25:52.814  INFO 3912 --- [main] com.hw.hwapi.HwApiApplication            : Started HwApiApplication in 3.556 seconds (JVM running for 3.927)
2023-06-07 12:26:00.122  INFO 3912 --- [http-nio-8080-exec-1] o.a.c.c.C.[Tomcat].[localhost].[/]       : Initializing Spring DispatcherServlet 'dispatcherServlet'
2023-06-07 12:26:00.122  INFO 3912 --- [http-nio-8080-exec-1] o.s.web.servlet.DispatcherServlet        : Initializing Servlet 'dispatcherServlet'
2023-06-07 12:26:00.123  INFO 3912 --- [http-nio-8080-exec-1] o.s.web.servlet.DispatcherServlet        : Completed initialization in 1 ms
2023-06-07 12:27:19.282  INFO 3912 --- [SpringApplicationShutdownHook] j.LocalContainerEntityManagerFactoryBean : Closing JPA EntityManagerFactory for persistence unit 'default'
2023-06-07 12:27:19.283  INFO 3912 --- [SpringApplicationShutdownHook] com.zaxxer.hikari.HikariDataSource       : HikariPool-1 - Shutdown initiated...
2023-06-07 12:27:19.288  INFO 3912 --- [SpringApplicationShutdownHook] com.zaxxer.hikari.HikariDataSource       : HikariPool-1 - Shutdown completed.
2023-06-07 12:27:21.644  INFO 21852 --- [main] com.hw.hwapi.HwApiApplication            : Starting HwApiApplication using Java 20.0.1 on Jaimi-Pc with PID 21852 (C:\Users\jaimi\hw-api\hw-api\target\classes started by jaimi in C:\Users\jaimi\hw-api)
2023-06-07 12:27:21.647  INFO 21852 --- [main] com.hw.hwapi.HwApiApplication            : No active profile set, falling back to 1 default profile: "default"
2023-06-07 12:27:22.153  INFO 21852 --- [main] .s.d.r.c.RepositoryConfigurationDelegate : Bootstrapping Spring Data JPA repositories in DEFAULT mode.
2023-06-07 12:27:22.193  INFO 21852 --- [main] .s.d.r.c.RepositoryConfigurationDelegate : Finished Spring Data repository scanning in 33 ms. Found 2 JPA repository interfaces.
2023-06-07 12:27:22.641  INFO 21852 --- [main] o.s.b.w.embedded.tomcat.TomcatWebServer  : Tomcat initialized with port(s): 8080 (http)
2023-06-07 12:27:22.648  INFO 21852 --- [main] o.apache.catalina.core.StandardService   : Starting service [Tomcat]
2023-06-07 12:27:22.648  INFO 21852 --- [main] org.apache.catalina.core.StandardEngine  : Starting Servlet engine: [Apache Tomcat/9.0.75]
2023-06-07 12:27:22.801  INFO 21852 --- [main] o.a.c.c.C.[Tomcat].[localhost].[/]       : Initializing Spring embedded WebApplicationContext
2023-06-07 12:27:22.801  INFO 21852 --- [main] w.s.c.ServletWebServerApplicationContext : Root WebApplicationContext: initialization completed in 1114 ms
2023-06-07 12:27:22.911  INFO 21852 --- [main] o.hibernate.jpa.internal.util.LogHelper  : HHH000204: Processing PersistenceUnitInfo [name: default]
2023-06-07 12:27:22.948  INFO 21852 --- [main] org.hibernate.Version                    : HHH000412: Hibernate ORM core version 5.6.15.Final
2023-06-07 12:27:23.065  INFO 21852 --- [main] o.hibernate.annotations.common.Version   : HCANN000001: Hibernate Commons Annotations {5.1.2.Final}
2023-06-07 12:27:23.156  INFO 21852 --- [main] com.zaxxer.hikari.HikariDataSource       : HikariPool-1 - Starting...
2023-06-07 12:27:23.278  INFO 21852 --- [main] com.zaxxer.hikari.HikariDataSource       : HikariPool-1 - Start completed.
2023-06-07 12:27:23.291  INFO 21852 --- [main] org.hibernate.dialect.Dialect            : HHH000400: Using dialect: org.hibernate.dialect.MySQL5InnoDBDialect
2023-06-07 12:27:24.302  INFO 21852 --- [main] o.h.e.t.j.p.i.JtaPlatformInitiator       : HHH000490: Using JtaPlatform implementation: [org.hibernate.engine.transaction.jta.platform.internal.NoJtaPlatform]
2023-06-07 12:27:24.335  INFO 21852 --- [main] j.LocalContainerEntityManagerFactoryBean : Initialized JPA EntityManagerFactory for persistence unit 'default'
2023-06-07 12:27:25.882  WARN 21852 --- [main] JpaBaseConfiguration$JpaWebConfiguration : spring.jpa.open-in-view is enabled by default. Therefore, database queries may be performed during view rendering. Explicitly configure spring.jpa.open-in-view to disable this warning
2023-06-07 12:27:26.145  INFO 21852 --- [main] o.s.b.w.embedded.tomcat.TomcatWebServer  : Tomcat started on port(s): 8080 (http) with context path ''
2023-06-07 12:27:26.154  INFO 21852 --- [main] com.hw.hwapi.HwApiApplication            : Started HwApiApplication in 4.852 seconds (JVM running for 5.233)
2023-06-07 12:27:36.962  INFO 21852 --- [http-nio-8080-exec-2] o.a.c.c.C.[Tomcat].[localhost].[/]       : Initializing Spring DispatcherServlet 'dispatcherServlet'
2023-06-07 12:27:36.963  INFO 21852 --- [http-nio-8080-exec-2] o.s.web.servlet.DispatcherServlet        : Initializing Servlet 'dispatcherServlet'
2023-06-07 12:27:36.963  INFO 21852 --- [http-nio-8080-exec-2] o.s.web.servlet.DispatcherServlet        : Completed initialization in 0 ms
2023-06-07 13:29:40.205  INFO 21852 --- [SpringApplicationShutdownHook] j.LocalContainerEntityManagerFactoryBean : Closing JPA EntityManagerFactory for persistence unit 'default'
2023-06-07 13:29:40.216  INFO 21852 --- [SpringApplicationShutdownHook] com.zaxxer.hikari.HikariDataSource       : HikariPool-1 - Shutdown initiated...
2023-06-07 13:29:40.226  INFO 21852 --- [SpringApplicationShutdownHook] com.zaxxer.hikari.HikariDataSource       : HikariPool-1 - Shutdown completed.
2023-06-07 13:29:51.610  INFO 14508 --- [main] com.hw.hwapi.HwApiApplication            : Starting HwApiApplication using Java 20.0.1 on Jaimi-Pc with PID 14508 (C:\Users\jaimi\hw-api\hw-api\target\classes started by jaimi in C:\Users\jaimi\hw-api)
2023-06-07 13:29:51.613  INFO 14508 --- [main] com.hw.hwapi.HwApiApplication            : No active profile set, falling back to 1 default profile: "default"
2023-06-07 13:29:52.097  INFO 14508 --- [main] .s.d.r.c.RepositoryConfigurationDelegate : Bootstrapping Spring Data JPA repositories in DEFAULT mode.
2023-06-07 13:29:52.141  INFO 14508 --- [main] .s.d.r.c.RepositoryConfigurationDelegate : Finished Spring Data repository scanning in 37 ms. Found 2 JPA repository interfaces.
2023-06-07 13:29:52.572  INFO 14508 --- [main] o.s.b.w.embedded.tomcat.TomcatWebServer  : Tomcat initialized with port(s): 8080 (http)
2023-06-07 13:29:52.579  INFO 14508 --- [main] o.apache.catalina.core.StandardService   : Starting service [Tomcat]
2023-06-07 13:29:52.580  INFO 14508 --- [main] org.apache.catalina.core.StandardEngine  : Starting Servlet engine: [Apache Tomcat/9.0.75]
2023-06-07 13:29:52.726  INFO 14508 --- [main] o.a.c.c.C.[Tomcat].[localhost].[/]       : Initializing Spring embedded WebApplicationContext
2023-06-07 13:29:52.727  INFO 14508 --- [main] w.s.c.ServletWebServerApplicationContext : Root WebApplicationContext: initialization completed in 1075 ms
2023-06-07 13:29:52.828  INFO 14508 --- [main] o.hibernate.jpa.internal.util.LogHelper  : HHH000204: Processing PersistenceUnitInfo [name: default]
2023-06-07 13:29:52.864  INFO 14508 --- [main] org.hibernate.Version                    : HHH000412: Hibernate ORM core version 5.6.15.Final
2023-06-07 13:29:52.971  INFO 14508 --- [main] o.hibernate.annotations.common.Version   : HCANN000001: Hibernate Commons Annotations {5.1.2.Final}
2023-06-07 13:29:53.051  INFO 14508 --- [main] com.zaxxer.hikari.HikariDataSource       : HikariPool-1 - Starting...
2023-06-07 13:29:53.165  INFO 14508 --- [main] com.zaxxer.hikari.HikariDataSource       : HikariPool-1 - Start completed.
2023-06-07 13:29:53.177  INFO 14508 --- [main] org.hibernate.dialect.Dialect            : HHH000400: Using dialect: org.hibernate.dialect.MySQL5InnoDBDialect
2023-06-07 13:29:53.607  INFO 14508 --- [main] o.h.e.t.j.p.i.JtaPlatformInitiator       : HHH000490: Using JtaPlatform implementation: [org.hibernate.engine.transaction.jta.platform.internal.NoJtaPlatform]
2023-06-07 13:29:53.613  INFO 14508 --- [main] j.LocalContainerEntityManagerFactoryBean : Initialized JPA EntityManagerFactory for persistence unit 'default'
2023-06-07 13:29:53.626  WARN 14508 --- [main] ConfigServletWebServerApplicationContext : Exception encountered during context initialization - cancelling refresh attempt: org.springframework.beans.factory.BeanCreationException: Error creating bean with name 'playerController' defined in file [C:\Users\jaimi\hw-api\hw-api\target\classes\com\hw\hwapi\controllers\PlayerController.class]: Instantiation of bean failed; nested exception is java.lang.ExceptionInInitializerError
2023-06-07 13:29:53.626  INFO 14508 --- [main] j.LocalContainerEntityManagerFactoryBean : Closing JPA EntityManagerFactory for persistence unit 'default'
2023-06-07 13:29:53.627  INFO 14508 --- [main] com.zaxxer.hikari.HikariDataSource       : HikariPool-1 - Shutdown initiated...
2023-06-07 13:29:53.633  INFO 14508 --- [main] com.zaxxer.hikari.HikariDataSource       : HikariPool-1 - Shutdown completed.
2023-06-07 13:29:53.634  INFO 14508 --- [main] o.apache.catalina.core.StandardService   : Stopping service [Tomcat]
2023-06-07 13:29:53.643  INFO 14508 --- [main] ConditionEvaluationReportLoggingListener : 

Error starting ApplicationContext. To display the conditions report re-run your application with 'debug' enabled.
2023-06-07 13:29:53.657 ERROR 14508 --- [main] o.s.boot.SpringApplication               : Application run failed

org.springframework.beans.factory.BeanCreationException: Error creating bean with name 'playerController' defined in file [C:\Users\jaimi\hw-api\hw-api\target\classes\com\hw\hwapi\controllers\PlayerController.class]: Instantiation of bean failed; nested exception is java.lang.ExceptionInInitializerError
	at org.springframework.beans.factory.support.AbstractAutowireCapableBeanFactory.instantiateBean(AbstractAutowireCapableBeanFactory.java:1334) ~[spring-beans-5.3.27.jar:5.3.27]
	at org.springframework.beans.factory.support.AbstractAutowireCapableBeanFactory.createBeanInstance(AbstractAutowireCapableBeanFactory.java:1232) ~[spring-beans-5.3.27.jar:5.3.27]
	at org.springframework.beans.factory.support.AbstractAutowireCapableBeanFactory.doCreateBean(AbstractAutowireCapableBeanFactory.java:582) ~[spring-beans-5.3.27.jar:5.3.27]
	at org.springframework.beans.factory.support.AbstractAutowireCapableBeanFactory.createBean(AbstractAutowireCapableBeanFactory.java:542) ~[spring-beans-5.3.27.jar:5.3.27]
	at org.springframework.beans.factory.support.AbstractBeanFactory.lambda$doGetBean$0(AbstractBeanFactory.java:335) ~[spring-beans-5.3.27.jar:5.3.27]
	at org.springframework.beans.factory.support.DefaultSingletonBeanRegistry.getSingleton(DefaultSingletonBeanRegistry.java:234) ~[spring-beans-5.3.27.jar:5.3.27]
	at org.springframework.beans.factory.support.AbstractBeanFactory.doGetBean(AbstractBeanFactory.java:333) ~[spring-beans-5.3.27.jar:5.3.27]
	at org.springframework.beans.factory.support.AbstractBeanFactory.getBean(AbstractBeanFactory.java:208) ~[spring-beans-5.3.27.jar:5.3.27]
	at org.springframework.beans.factory.support.DefaultListableBeanFactory.preInstantiateSingletons(DefaultListableBeanFactory.java:955) ~[spring-beans-5.3.27.jar:5.3.27]
	at org.springframework.context.support.AbstractApplicationContext.finishBeanFactoryInitialization(AbstractApplicationContext.java:920) ~[spring-context-5.3.27.jar:5.3.27]
	at org.springframework.context.support.AbstractApplicationContext.refresh(AbstractApplicationContext.java:583) ~[spring-context-5.3.27.jar:5.3.27]
	at org.springframework.boot.web.servlet.context.ServletWebServerApplicationContext.refresh(ServletWebServerApplicationContext.java:147) ~[spring-boot-2.7.12.jar:2.7.12]
	at org.springframework.boot.SpringApplication.refresh(SpringApplication.java:731) ~[spring-boot-2.7.12.jar:2.7.12]
	at org.springframework.boot.SpringApplication.refreshContext(SpringApplication.java:408) ~[spring-boot-2.7.12.jar:2.7.12]
	at org.springframework.boot.SpringApplication.run(SpringApplication.java:307) ~[spring-boot-2.7.12.jar:2.7.12]
	at org.springframework.boot.SpringApplication.run(SpringApplication.java:1303) ~[spring-boot-2.7.12.jar:2.7.12]
	at org.springframework.boot.SpringApplication.run(SpringApplication.java:1292) ~[spring-boot-2.7.12.jar:2.7.12]
	at com.hw.hwapi.HwApiApplication.main(HwApiApplication.java:10) ~[classes/:na]
Caused by: java.lang.ExceptionInInitializerError: null
	at java.base/jdk.internal.misc.Unsafe.ensureClassInitialized0(Native Method) ~[na:na]
	at java.base/jdk.internal.misc.Unsafe.ensureClassInitialized(Unsafe.java:1160) ~[na:na]
	at java.base/jdk.internal.reflect.MethodHandleAccessorFactory.ensureClassInitialized(MethodHandleAccessorFactory.java:300) ~[na:na]
	at java.base/jdk.internal.reflect.MethodHandleAccessorFactory.newConstructorAccessor(MethodHandleAccessorFactory.java:103) ~[na:na]
	at java.base/jdk.internal.reflect.ReflectionFactory.newConstructorAccessor(ReflectionFactory.java:200) ~[na:na]
	at java.base/java.lang.reflect.Constructor.acquireConstructorAccessor(Constructor.java:547) ~[na:na]
	at java.base/java.lang.reflect.Constructor.newInstanceWithCaller(Constructor.java:497) ~[na:na]
	at java.base/java.lang.reflect.Constructor.newInstance(Constructor.java:484) ~[na:na]
	at org.springframework.beans.BeanUtils.instantiateClass(BeanUtils.java:211) ~[spring-beans-5.3.27.jar:5.3.27]
	at org.springframework.beans.factory.support.SimpleInstantiationStrategy.instantiate(SimpleInstantiationStrategy.java:87) ~[spring-beans-5.3.27.jar:5.3.27]
	at org.springframework.beans.factory.support.AbstractAutowireCapableBeanFactory.instantiateBean(AbstractAutowireCapableBeanFactory.java:1326) ~[spring-beans-5.3.27.jar:5.3.27]
	... 17 common frames omitted
Caused by: java.lang.ClassCastException: class ch.qos.logback.classic.Logger cannot be cast to class java.util.logging.Logger (ch.qos.logback.classic.Logger is in unnamed module of loader 'app'; java.util.logging.Logger is in module java.logging of loader 'bootstrap')
	at com.hw.hwapi.controllers.PlayerController.<clinit>(PlayerController.java:19) ~[classes/:na]
	... 28 common frames omitted

2023-06-07 13:30:19.428  INFO 24384 --- [main] com.hw.hwapi.HwApiApplication            : Starting HwApiApplication using Java 20.0.1 on Jaimi-Pc with PID 24384 (C:\Users\jaimi\hw-api\hw-api\target\classes started by jaimi in C:\Users\jaimi\hw-api)
2023-06-07 13:30:19.430  INFO 24384 --- [main] com.hw.hwapi.HwApiApplication            : No active profile set, falling back to 1 default profile: "default"
2023-06-07 13:30:19.911  INFO 24384 --- [main] .s.d.r.c.RepositoryConfigurationDelegate : Bootstrapping Spring Data JPA repositories in DEFAULT mode.
2023-06-07 13:30:19.954  INFO 24384 --- [main] .s.d.r.c.RepositoryConfigurationDelegate : Finished Spring Data repository scanning in 37 ms. Found 2 JPA repository interfaces.
2023-06-07 13:30:20.387  INFO 24384 --- [main] o.s.b.w.embedded.tomcat.TomcatWebServer  : Tomcat initialized with port(s): 8080 (http)
2023-06-07 13:30:20.395  INFO 24384 --- [main] o.apache.catalina.core.StandardService   : Starting service [Tomcat]
2023-06-07 13:30:20.395  INFO 24384 --- [main] org.apache.catalina.core.StandardEngine  : Starting Servlet engine: [Apache Tomcat/9.0.75]
2023-06-07 13:30:20.548  INFO 24384 --- [main] o.a.c.c.C.[Tomcat].[localhost].[/]       : Initializing Spring embedded WebApplicationContext
2023-06-07 13:30:20.548  INFO 24384 --- [main] w.s.c.ServletWebServerApplicationContext : Root WebApplicationContext: initialization completed in 1084 ms
2023-06-07 13:30:20.656  INFO 24384 --- [main] o.hibernate.jpa.internal.util.LogHelper  : HHH000204: Processing PersistenceUnitInfo [name: default]
2023-06-07 13:30:20.692  INFO 24384 --- [main] org.hibernate.Version                    : HHH000412: Hibernate ORM core version 5.6.15.Final
2023-06-07 13:30:20.807  INFO 24384 --- [main] o.hibernate.annotations.common.Version   : HCANN000001: Hibernate Commons Annotations {5.1.2.Final}
2023-06-07 13:30:20.892  INFO 24384 --- [main] com.zaxxer.hikari.HikariDataSource       : HikariPool-1 - Starting...
2023-06-07 13:30:21.014  INFO 24384 --- [main] com.zaxxer.hikari.HikariDataSource       : HikariPool-1 - Start completed.
2023-06-07 13:30:21.025  INFO 24384 --- [main] org.hibernate.dialect.Dialect            : HHH000400: Using dialect: org.hibernate.dialect.MySQL5InnoDBDialect
2023-06-07 13:30:21.476  INFO 24384 --- [main] o.h.e.t.j.p.i.JtaPlatformInitiator       : HHH000490: Using JtaPlatform implementation: [org.hibernate.engine.transaction.jta.platform.internal.NoJtaPlatform]
2023-06-07 13:30:21.483  INFO 24384 --- [main] j.LocalContainerEntityManagerFactoryBean : Initialized JPA EntityManagerFactory for persistence unit 'default'
2023-06-07 13:30:21.726  WARN 24384 --- [main] ConfigServletWebServerApplicationContext : Exception encountered during context initialization - cancelling refresh attempt: org.springframework.beans.factory.BeanCreationException: Error creating bean with name 'teamController' defined in file [C:\Users\jaimi\hw-api\hw-api\target\classes\com\hw\hwapi\controllers\TeamController.class]: Instantiation of bean failed; nested exception is java.lang.ExceptionInInitializerError
2023-06-07 13:30:21.727  INFO 24384 --- [main] j.LocalContainerEntityManagerFactoryBean : Closing JPA EntityManagerFactory for persistence unit 'default'
2023-06-07 13:30:21.728  INFO 24384 --- [main] com.zaxxer.hikari.HikariDataSource       : HikariPool-1 - Shutdown initiated...
2023-06-07 13:30:21.735  INFO 24384 --- [main] com.zaxxer.hikari.HikariDataSource       : HikariPool-1 - Shutdown completed.
2023-06-07 13:30:21.737  INFO 24384 --- [main] o.apache.catalina.core.StandardService   : Stopping service [Tomcat]
2023-06-07 13:30:21.744  INFO 24384 --- [main] ConditionEvaluationReportLoggingListener : 

Error starting ApplicationContext. To display the conditions report re-run your application with 'debug' enabled.
2023-06-07 13:30:21.762 ERROR 24384 --- [main] o.s.boot.SpringApplication               : Application run failed

org.springframework.beans.factory.BeanCreationException: Error creating bean with name 'teamController' defined in file [C:\Users\jaimi\hw-api\hw-api\target\classes\com\hw\hwapi\controllers\TeamController.class]: Instantiation of bean failed; nested exception is java.lang.ExceptionInInitializerError
	at org.springframework.beans.factory.support.AbstractAutowireCapableBeanFactory.instantiateBean(AbstractAutowireCapableBeanFactory.java:1334) ~[spring-beans-5.3.27.jar:5.3.27]
	at org.springframework.beans.factory.support.AbstractAutowireCapableBeanFactory.createBeanInstance(AbstractAutowireCapableBeanFactory.java:1232) ~[spring-beans-5.3.27.jar:5.3.27]
	at org.springframework.beans.factory.support.AbstractAutowireCapableBeanFactory.doCreateBean(AbstractAutowireCapableBeanFactory.java:582) ~[spring-beans-5.3.27.jar:5.3.27]
	at org.springframework.beans.factory.support.AbstractAutowireCapableBeanFactory.createBean(AbstractAutowireCapableBeanFactory.java:542) ~[spring-beans-5.3.27.jar:5.3.27]
	at org.springframework.beans.factory.support.AbstractBeanFactory.lambda$doGetBean$0(AbstractBeanFactory.java:335) ~[spring-beans-5.3.27.jar:5.3.27]
	at org.springframework.beans.factory.support.DefaultSingletonBeanRegistry.getSingleton(DefaultSingletonBeanRegistry.java:234) ~[spring-beans-5.3.27.jar:5.3.27]
	at org.springframework.beans.factory.support.AbstractBeanFactory.doGetBean(AbstractBeanFactory.java:333) ~[spring-beans-5.3.27.jar:5.3.27]
	at org.springframework.beans.factory.support.AbstractBeanFactory.getBean(AbstractBeanFactory.java:208) ~[spring-beans-5.3.27.jar:5.3.27]
	at org.springframework.beans.factory.support.DefaultListableBeanFactory.preInstantiateSingletons(DefaultListableBeanFactory.java:955) ~[spring-beans-5.3.27.jar:5.3.27]
	at org.springframework.context.support.AbstractApplicationContext.finishBeanFactoryInitialization(AbstractApplicationContext.java:920) ~[spring-context-5.3.27.jar:5.3.27]
	at org.springframework.context.support.AbstractApplicationContext.refresh(AbstractApplicationContext.java:583) ~[spring-context-5.3.27.jar:5.3.27]
	at org.springframework.boot.web.servlet.context.ServletWebServerApplicationContext.refresh(ServletWebServerApplicationContext.java:147) ~[spring-boot-2.7.12.jar:2.7.12]
	at org.springframework.boot.SpringApplication.refresh(SpringApplication.java:731) ~[spring-boot-2.7.12.jar:2.7.12]
	at org.springframework.boot.SpringApplication.refreshContext(SpringApplication.java:408) ~[spring-boot-2.7.12.jar:2.7.12]
	at org.springframework.boot.SpringApplication.run(SpringApplication.java:307) ~[spring-boot-2.7.12.jar:2.7.12]
	at org.springframework.boot.SpringApplication.run(SpringApplication.java:1303) ~[spring-boot-2.7.12.jar:2.7.12]
	at org.springframework.boot.SpringApplication.run(SpringApplication.java:1292) ~[spring-boot-2.7.12.jar:2.7.12]
	at com.hw.hwapi.HwApiApplication.main(HwApiApplication.java:10) ~[classes/:na]
Caused by: java.lang.ExceptionInInitializerError: null
	at java.base/jdk.internal.misc.Unsafe.ensureClassInitialized0(Native Method) ~[na:na]
	at java.base/jdk.internal.misc.Unsafe.ensureClassInitialized(Unsafe.java:1160) ~[na:na]
	at java.base/jdk.internal.reflect.MethodHandleAccessorFactory.ensureClassInitialized(MethodHandleAccessorFactory.java:300) ~[na:na]
	at java.base/jdk.internal.reflect.MethodHandleAccessorFactory.newConstructorAccessor(MethodHandleAccessorFactory.java:103) ~[na:na]
	at java.base/jdk.internal.reflect.ReflectionFactory.newConstructorAccessor(ReflectionFactory.java:200) ~[na:na]
	at java.base/java.lang.reflect.Constructor.acquireConstructorAccessor(Constructor.java:547) ~[na:na]
	at java.base/java.lang.reflect.Constructor.newInstanceWithCaller(Constructor.java:497) ~[na:na]
	at java.base/java.lang.reflect.Constructor.newInstance(Constructor.java:484) ~[na:na]
	at org.springframework.beans.BeanUtils.instantiateClass(BeanUtils.java:211) ~[spring-beans-5.3.27.jar:5.3.27]
	at org.springframework.beans.factory.support.SimpleInstantiationStrategy.instantiate(SimpleInstantiationStrategy.java:87) ~[spring-beans-5.3.27.jar:5.3.27]
	at org.springframework.beans.factory.support.AbstractAutowireCapableBeanFactory.instantiateBean(AbstractAutowireCapableBeanFactory.java:1326) ~[spring-beans-5.3.27.jar:5.3.27]
	... 17 common frames omitted
Caused by: java.lang.ClassCastException: class ch.qos.logback.classic.Logger cannot be cast to class java.util.logging.Logger (ch.qos.logback.classic.Logger is in unnamed module of loader 'app'; java.util.logging.Logger is in module java.logging of loader 'bootstrap')
	at com.hw.hwapi.controllers.TeamController.<clinit>(TeamController.java:18) ~[classes/:na]
	... 28 common frames omitted

2023-06-07 13:30:41.115  INFO 8816 --- [main] com.hw.hwapi.HwApiApplication            : Starting HwApiApplication using Java 20.0.1 on Jaimi-Pc with PID 8816 (C:\Users\jaimi\hw-api\hw-api\target\classes started by jaimi in C:\Users\jaimi\hw-api)
2023-06-07 13:30:41.118  INFO 8816 --- [main] com.hw.hwapi.HwApiApplication            : No active profile set, falling back to 1 default profile: "default"
2023-06-07 13:30:42.728  INFO 8816 --- [main] .s.d.r.c.RepositoryConfigurationDelegate : Bootstrapping Spring Data JPA repositories in DEFAULT mode.
2023-06-07 13:30:42.876  INFO 8816 --- [main] .s.d.r.c.RepositoryConfigurationDelegate : Finished Spring Data repository scanning in 133 ms. Found 2 JPA repository interfaces.
2023-06-07 13:30:44.058  INFO 8816 --- [main] o.s.b.w.embedded.tomcat.TomcatWebServer  : Tomcat initialized with port(s): 8080 (http)
2023-06-07 13:30:44.065  INFO 8816 --- [main] o.apache.catalina.core.StandardService   : Starting service [Tomcat]
2023-06-07 13:30:44.065  INFO 8816 --- [main] org.apache.catalina.core.StandardEngine  : Starting Servlet engine: [Apache Tomcat/9.0.75]
2023-06-07 13:30:44.301  INFO 8816 --- [main] o.a.c.c.C.[Tomcat].[localhost].[/]       : Initializing Spring embedded WebApplicationContext
2023-06-07 13:30:44.302  INFO 8816 --- [main] w.s.c.ServletWebServerApplicationContext : Root WebApplicationContext: initialization completed in 3041 ms
2023-06-07 13:30:44.576  INFO 8816 --- [main] o.hibernate.jpa.internal.util.LogHelper  : HHH000204: Processing PersistenceUnitInfo [name: default]
2023-06-07 13:30:44.630  INFO 8816 --- [main] org.hibernate.Version                    : HHH000412: Hibernate ORM core version 5.6.15.Final
2023-06-07 13:30:44.813  INFO 8816 --- [main] o.hibernate.annotations.common.Version   : HCANN000001: Hibernate Commons Annotations {5.1.2.Final}
2023-06-07 13:30:45.009  INFO 8816 --- [main] com.zaxxer.hikari.HikariDataSource       : HikariPool-1 - Starting...
2023-06-07 13:30:45.214  INFO 8816 --- [main] com.zaxxer.hikari.HikariDataSource       : HikariPool-1 - Start completed.
2023-06-07 13:30:45.226  INFO 8816 --- [main] org.hibernate.dialect.Dialect            : HHH000400: Using dialect: org.hibernate.dialect.MySQL5InnoDBDialect
2023-06-07 13:30:46.068  INFO 8816 --- [main] o.h.e.t.j.p.i.JtaPlatformInitiator       : HHH000490: Using JtaPlatform implementation: [org.hibernate.engine.transaction.jta.platform.internal.NoJtaPlatform]
2023-06-07 13:30:46.076  INFO 8816 --- [main] j.LocalContainerEntityManagerFactoryBean : Initialized JPA EntityManagerFactory for persistence unit 'default'
2023-06-07 13:30:47.042  WARN 8816 --- [main] JpaBaseConfiguration$JpaWebConfiguration : spring.jpa.open-in-view is enabled by default. Therefore, database queries may be performed during view rendering. Explicitly configure spring.jpa.open-in-view to disable this warning
2023-06-07 13:30:47.965  INFO 8816 --- [main] o.s.b.w.embedded.tomcat.TomcatWebServer  : Tomcat started on port(s): 8080 (http) with context path ''
2023-06-07 13:30:48.001  INFO 8816 --- [main] com.hw.hwapi.HwApiApplication            : Started HwApiApplication in 7.698 seconds (JVM running for 8.633)
2023-06-07 13:34:35.268  INFO 8816 --- [SpringApplicationShutdownHook] j.LocalContainerEntityManagerFactoryBean : Closing JPA EntityManagerFactory for persistence unit 'default'
2023-06-07 13:34:35.270  INFO 8816 --- [SpringApplicationShutdownHook] com.zaxxer.hikari.HikariDataSource       : HikariPool-1 - Shutdown initiated...
2023-06-07 13:34:35.282  INFO 8816 --- [SpringApplicationShutdownHook] com.zaxxer.hikari.HikariDataSource       : HikariPool-1 - Shutdown completed.
2023-06-07 13:34:40.154  INFO 22056 --- [main] com.hw.hwapi.HwApiApplication            : Starting HwApiApplication using Java 20.0.1 on Jaimi-Pc with PID 22056 (C:\Users\jaimi\hw-api\hw-api\target\classes started by jaimi in C:\Users\jaimi\hw-api)
2023-06-07 13:34:40.155  INFO 22056 --- [main] com.hw.hwapi.HwApiApplication            : No active profile set, falling back to 1 default profile: "default"
2023-06-07 13:34:42.051  INFO 22056 --- [main] .s.d.r.c.RepositoryConfigurationDelegate : Bootstrapping Spring Data JPA repositories in DEFAULT mode.
2023-06-07 13:34:42.146  INFO 22056 --- [main] .s.d.r.c.RepositoryConfigurationDelegate : Finished Spring Data repository scanning in 83 ms. Found 2 JPA repository interfaces.
2023-06-07 13:34:43.552  INFO 22056 --- [main] o.s.b.w.embedded.tomcat.TomcatWebServer  : Tomcat initialized with port(s): 8080 (http)
2023-06-07 13:34:43.561  INFO 22056 --- [main] o.apache.catalina.core.StandardService   : Starting service [Tomcat]
2023-06-07 13:34:43.561  INFO 22056 --- [main] org.apache.catalina.core.StandardEngine  : Starting Servlet engine: [Apache Tomcat/9.0.75]
2023-06-07 13:34:43.784  INFO 22056 --- [main] o.a.c.c.C.[Tomcat].[localhost].[/]       : Initializing Spring embedded WebApplicationContext
2023-06-07 13:34:43.784  INFO 22056 --- [main] w.s.c.ServletWebServerApplicationContext : Root WebApplicationContext: initialization completed in 3510 ms
2023-06-07 13:34:44.005  INFO 22056 --- [main] o.hibernate.jpa.internal.util.LogHelper  : HHH000204: Processing PersistenceUnitInfo [name: default]
2023-06-07 13:34:44.136  INFO 22056 --- [main] org.hibernate.Version                    : HHH000412: Hibernate ORM core version 5.6.15.Final
2023-06-07 13:34:44.362  INFO 22056 --- [main] o.hibernate.annotations.common.Version   : HCANN000001: Hibernate Commons Annotations {5.1.2.Final}
2023-06-07 13:34:44.557  INFO 22056 --- [main] com.zaxxer.hikari.HikariDataSource       : HikariPool-1 - Starting...
2023-06-07 13:34:44.765  INFO 22056 --- [main] com.zaxxer.hikari.HikariDataSource       : HikariPool-1 - Start completed.
2023-06-07 13:34:44.787  INFO 22056 --- [main] org.hibernate.dialect.Dialect            : HHH000400: Using dialect: org.hibernate.dialect.MySQL5InnoDBDialect
2023-06-07 13:34:46.035  INFO 22056 --- [main] o.h.e.t.j.p.i.JtaPlatformInitiator       : HHH000490: Using JtaPlatform implementation: [org.hibernate.engine.transaction.jta.platform.internal.NoJtaPlatform]
2023-06-07 13:34:46.045  INFO 22056 --- [main] j.LocalContainerEntityManagerFactoryBean : Initialized JPA EntityManagerFactory for persistence unit 'default'
2023-06-07 13:34:46.324  WARN 22056 --- [main] JpaBaseConfiguration$JpaWebConfiguration : spring.jpa.open-in-view is enabled by default. Therefore, database queries may be performed during view rendering. Explicitly configure spring.jpa.open-in-view to disable this warning
2023-06-07 13:34:46.579  INFO 22056 --- [main] o.s.b.w.embedded.tomcat.TomcatWebServer  : Tomcat started on port(s): 8080 (http) with context path ''
2023-06-07 13:34:46.587  INFO 22056 --- [main] com.hw.hwapi.HwApiApplication            : Started HwApiApplication in 7.304 seconds (JVM running for 8.231)
2023-06-07 13:37:59.468  INFO 22056 --- [SpringApplicationShutdownHook] j.LocalContainerEntityManagerFactoryBean : Closing JPA EntityManagerFactory for persistence unit 'default'
2023-06-07 13:37:59.470  INFO 22056 --- [SpringApplicationShutdownHook] com.zaxxer.hikari.HikariDataSource       : HikariPool-1 - Shutdown initiated...
2023-06-07 13:37:59.489  INFO 22056 --- [SpringApplicationShutdownHook] com.zaxxer.hikari.HikariDataSource       : HikariPool-1 - Shutdown completed.
2023-06-07 13:38:02.225  INFO 25432 --- [main] com.hw.hwapi.HwApiApplication            : Starting HwApiApplication using Java 20.0.1 on Jaimi-Pc with PID 25432 (C:\Users\jaimi\hw-api\hw-api\target\classes started by jaimi in C:\Users\jaimi\hw-api)
2023-06-07 13:38:02.228  INFO 25432 --- [main] com.hw.hwapi.HwApiApplication            : No active profile set, falling back to 1 default profile: "default"
2023-06-07 13:38:03.090  INFO 25432 --- [main] .s.d.r.c.RepositoryConfigurationDelegate : Bootstrapping Spring Data JPA repositories in DEFAULT mode.
2023-06-07 13:38:03.133  INFO 25432 --- [main] .s.d.r.c.RepositoryConfigurationDelegate : Finished Spring Data repository scanning in 35 ms. Found 2 JPA repository interfaces.
2023-06-07 13:38:03.580  INFO 25432 --- [main] o.s.b.w.embedded.tomcat.TomcatWebServer  : Tomcat initialized with port(s): 8080 (http)
2023-06-07 13:38:03.587  INFO 25432 --- [main] o.apache.catalina.core.StandardService   : Starting service [Tomcat]
2023-06-07 13:38:03.588  INFO 25432 --- [main] org.apache.catalina.core.StandardEngine  : Starting Servlet engine: [Apache Tomcat/9.0.75]
2023-06-07 13:38:03.736  INFO 25432 --- [main] o.a.c.c.C.[Tomcat].[localhost].[/]       : Initializing Spring embedded WebApplicationContext
2023-06-07 13:38:03.736  INFO 25432 --- [main] w.s.c.ServletWebServerApplicationContext : Root WebApplicationContext: initialization completed in 1470 ms
2023-06-07 13:38:03.834  INFO 25432 --- [main] o.hibernate.jpa.internal.util.LogHelper  : HHH000204: Processing PersistenceUnitInfo [name: default]
2023-06-07 13:38:03.870  INFO 25432 --- [main] org.hibernate.Version                    : HHH000412: Hibernate ORM core version 5.6.15.Final
2023-06-07 13:38:03.984  INFO 25432 --- [main] o.hibernate.annotations.common.Version   : HCANN000001: Hibernate Commons Annotations {5.1.2.Final}
2023-06-07 13:38:04.073  INFO 25432 --- [main] com.zaxxer.hikari.HikariDataSource       : HikariPool-1 - Starting...
2023-06-07 13:38:04.186  INFO 25432 --- [main] com.zaxxer.hikari.HikariDataSource       : HikariPool-1 - Start completed.
2023-06-07 13:38:04.198  INFO 25432 --- [main] org.hibernate.dialect.Dialect            : HHH000400: Using dialect: org.hibernate.dialect.MySQL5InnoDBDialect
2023-06-07 13:38:04.637  INFO 25432 --- [main] o.h.e.t.j.p.i.JtaPlatformInitiator       : HHH000490: Using JtaPlatform implementation: [org.hibernate.engine.transaction.jta.platform.internal.NoJtaPlatform]
2023-06-07 13:38:04.644  INFO 25432 --- [main] j.LocalContainerEntityManagerFactoryBean : Initialized JPA EntityManagerFactory for persistence unit 'default'
2023-06-07 13:38:04.969  WARN 25432 --- [main] JpaBaseConfiguration$JpaWebConfiguration : spring.jpa.open-in-view is enabled by default. Therefore, database queries may be performed during view rendering. Explicitly configure spring.jpa.open-in-view to disable this warning
2023-06-07 13:38:05.240  INFO 25432 --- [main] o.s.b.w.embedded.tomcat.TomcatWebServer  : Tomcat started on port(s): 8080 (http) with context path ''
2023-06-07 13:38:05.248  INFO 25432 --- [main] com.hw.hwapi.HwApiApplication            : Started HwApiApplication in 3.354 seconds (JVM running for 3.728)
2023-06-07 13:39:06.840  INFO 25432 --- [http-nio-8080-exec-2] o.a.c.c.C.[Tomcat].[localhost].[/]       : Initializing Spring DispatcherServlet 'dispatcherServlet'
2023-06-07 13:39:06.840  INFO 25432 --- [http-nio-8080-exec-2] o.s.web.servlet.DispatcherServlet        : Initializing Servlet 'dispatcherServlet'
2023-06-07 13:39:06.841  INFO 25432 --- [http-nio-8080-exec-2] o.s.web.servlet.DispatcherServlet        : Completed initialization in 0 ms
2023-06-07 13:50:09.564  INFO 25432 --- [SpringApplicationShutdownHook] j.LocalContainerEntityManagerFactoryBean : Closing JPA EntityManagerFactory for persistence unit 'default'
2023-06-07 13:50:09.565  INFO 25432 --- [SpringApplicationShutdownHook] com.zaxxer.hikari.HikariDataSource       : HikariPool-1 - Shutdown initiated...
2023-06-07 13:50:09.571  INFO 25432 --- [SpringApplicationShutdownHook] com.zaxxer.hikari.HikariDataSource       : HikariPool-1 - Shutdown completed.
2023-06-07 13:50:14.819  INFO 4124 --- [main] com.hw.hwapi.HwApiApplication            : Starting HwApiApplication using Java 20.0.1 on Jaimi-Pc with PID 4124 (C:\Users\jaimi\hw-api\hw-api\target\classes started by jaimi in C:\Users\jaimi\hw-api)
2023-06-07 13:50:14.824  INFO 4124 --- [main] com.hw.hwapi.HwApiApplication            : No active profile set, falling back to 1 default profile: "default"
2023-06-07 13:50:16.869  INFO 4124 --- [main] .s.d.r.c.RepositoryConfigurationDelegate : Bootstrapping Spring Data JPA repositories in DEFAULT mode.
2023-06-07 13:50:17.055  INFO 4124 --- [main] .s.d.r.c.RepositoryConfigurationDelegate : Finished Spring Data repository scanning in 154 ms. Found 2 JPA repository interfaces.
2023-06-07 13:50:18.540  INFO 4124 --- [main] o.s.b.w.embedded.tomcat.TomcatWebServer  : Tomcat initialized with port(s): 8080 (http)
2023-06-07 13:50:18.547  INFO 4124 --- [main] o.apache.catalina.core.StandardService   : Starting service [Tomcat]
2023-06-07 13:50:18.548  INFO 4124 --- [main] org.apache.catalina.core.StandardEngine  : Starting Servlet engine: [Apache Tomcat/9.0.75]
2023-06-07 13:50:18.694  INFO 4124 --- [main] o.a.c.c.C.[Tomcat].[localhost].[/]       : Initializing Spring embedded WebApplicationContext
2023-06-07 13:50:18.694  INFO 4124 --- [main] w.s.c.ServletWebServerApplicationContext : Root WebApplicationContext: initialization completed in 3711 ms
2023-06-07 13:50:18.801  INFO 4124 --- [main] o.hibernate.jpa.internal.util.LogHelper  : HHH000204: Processing PersistenceUnitInfo [name: default]
2023-06-07 13:50:18.837  INFO 4124 --- [main] org.hibernate.Version                    : HHH000412: Hibernate ORM core version 5.6.15.Final
2023-06-07 13:50:18.957  INFO 4124 --- [main] o.hibernate.annotations.common.Version   : HCANN000001: Hibernate Commons Annotations {5.1.2.Final}
2023-06-07 13:50:19.043  INFO 4124 --- [main] com.zaxxer.hikari.HikariDataSource       : HikariPool-1 - Starting...
2023-06-07 13:50:19.157  INFO 4124 --- [main] com.zaxxer.hikari.HikariDataSource       : HikariPool-1 - Start completed.
2023-06-07 13:50:19.170  INFO 4124 --- [main] org.hibernate.dialect.Dialect            : HHH000400: Using dialect: org.hibernate.dialect.MySQL5InnoDBDialect
2023-06-07 13:50:19.602  INFO 4124 --- [main] o.h.e.t.j.p.i.JtaPlatformInitiator       : HHH000490: Using JtaPlatform implementation: [org.hibernate.engine.transaction.jta.platform.internal.NoJtaPlatform]
2023-06-07 13:50:19.609  INFO 4124 --- [main] j.LocalContainerEntityManagerFactoryBean : Initialized JPA EntityManagerFactory for persistence unit 'default'
2023-06-07 13:50:19.892  WARN 4124 --- [main] JpaBaseConfiguration$JpaWebConfiguration : spring.jpa.open-in-view is enabled by default. Therefore, database queries may be performed during view rendering. Explicitly configure spring.jpa.open-in-view to disable this warning
2023-06-07 13:50:20.125  INFO 4124 --- [main] o.s.b.w.embedded.tomcat.TomcatWebServer  : Tomcat started on port(s): 8080 (http) with context path ''
2023-06-07 13:50:20.133  INFO 4124 --- [main] com.hw.hwapi.HwApiApplication            : Started HwApiApplication in 6.349 seconds (JVM running for 7.489)
2023-06-07 13:50:38.491  INFO 4124 --- [http-nio-8080-exec-2] o.a.c.c.C.[Tomcat].[localhost].[/]       : Initializing Spring DispatcherServlet 'dispatcherServlet'
2023-06-07 13:50:38.491  INFO 4124 --- [http-nio-8080-exec-2] o.s.web.servlet.DispatcherServlet        : Initializing Servlet 'dispatcherServlet'
2023-06-07 13:50:38.492  INFO 4124 --- [http-nio-8080-exec-2] o.s.web.servlet.DispatcherServlet        : Completed initialization in 1 ms
2023-06-07 13:51:26.647  INFO 4124 --- [http-nio-8080-exec-3] com.hw.hwapi.controllers.TeamController  : Team created successfully
2023-06-07 14:34:14.942  INFO 4124 --- [SpringApplicationShutdownHook] j.LocalContainerEntityManagerFactoryBean : Closing JPA EntityManagerFactory for persistence unit 'default'
2023-06-07 14:34:14.944  INFO 4124 --- [SpringApplicationShutdownHook] com.zaxxer.hikari.HikariDataSource       : HikariPool-1 - Shutdown initiated...
2023-06-07 14:34:14.945  INFO 4124 --- [SpringApplicationShutdownHook] com.zaxxer.hikari.HikariDataSource       : HikariPool-1 - Shutdown completed.
2023-06-07 20:32:36.685  INFO 27096 --- [main] com.hw.hwapi.HwApiApplication            : Starting HwApiApplication using Java 20.0.1 on Jaimi-Pc with PID 27096 (C:\Users\jaimi\hw-api\hw-api\target\classes started by jaimi in C:\Users\jaimi\hw-api)
2023-06-07 20:32:36.686  INFO 27096 --- [main] com.hw.hwapi.HwApiApplication            : No active profile set, falling back to 1 default profile: "default"
2023-06-07 20:32:40.167  INFO 27096 --- [main] .s.d.r.c.RepositoryConfigurationDelegate : Bootstrapping Spring Data JPA repositories in DEFAULT mode.
2023-06-07 20:32:40.340  INFO 27096 --- [main] .s.d.r.c.RepositoryConfigurationDelegate : Finished Spring Data repository scanning in 105 ms. Found 2 JPA repository interfaces.
2023-06-07 20:32:42.377  INFO 27096 --- [main] o.s.b.w.embedded.tomcat.TomcatWebServer  : Tomcat initialized with port(s): 8080 (http)
2023-06-07 20:32:42.387  INFO 27096 --- [main] o.apache.catalina.core.StandardService   : Starting service [Tomcat]
2023-06-07 20:32:42.387  INFO 27096 --- [main] org.apache.catalina.core.StandardEngine  : Starting Servlet engine: [Apache Tomcat/9.0.75]
2023-06-07 20:32:42.674  INFO 27096 --- [main] o.a.c.c.C.[Tomcat].[localhost].[/]       : Initializing Spring embedded WebApplicationContext
2023-06-07 20:32:42.675  INFO 27096 --- [main] w.s.c.ServletWebServerApplicationContext : Root WebApplicationContext: initialization completed in 5817 ms
2023-06-07 20:32:43.169  INFO 27096 --- [main] o.hibernate.jpa.internal.util.LogHelper  : HHH000204: Processing PersistenceUnitInfo [name: default]
2023-06-07 20:32:43.324  INFO 27096 --- [main] org.hibernate.Version                    : HHH000412: Hibernate ORM core version 5.6.15.Final
2023-06-07 20:32:43.606  INFO 27096 --- [main] o.hibernate.annotations.common.Version   : HCANN000001: Hibernate Commons Annotations {5.1.2.Final}
2023-06-07 20:32:43.791  INFO 27096 --- [main] com.zaxxer.hikari.HikariDataSource       : HikariPool-1 - Starting...
2023-06-07 20:32:44.038  INFO 27096 --- [main] com.zaxxer.hikari.HikariDataSource       : HikariPool-1 - Start completed.
2023-06-07 20:32:44.079  INFO 27096 --- [main] org.hibernate.dialect.Dialect            : HHH000400: Using dialect: org.hibernate.dialect.MySQL5InnoDBDialect
2023-06-07 20:32:45.104  INFO 27096 --- [main] o.h.e.t.j.p.i.JtaPlatformInitiator       : HHH000490: Using JtaPlatform implementation: [org.hibernate.engine.transaction.jta.platform.internal.NoJtaPlatform]
2023-06-07 20:32:45.111  INFO 27096 --- [main] j.LocalContainerEntityManagerFactoryBean : Initialized JPA EntityManagerFactory for persistence unit 'default'
2023-06-07 20:32:46.363  WARN 27096 --- [main] JpaBaseConfiguration$JpaWebConfiguration : spring.jpa.open-in-view is enabled by default. Therefore, database queries may be performed during view rendering. Explicitly configure spring.jpa.open-in-view to disable this warning
2023-06-07 20:32:48.123  INFO 27096 --- [main] o.s.b.w.embedded.tomcat.TomcatWebServer  : Tomcat started on port(s): 8080 (http) with context path ''
2023-06-07 20:32:48.164  INFO 27096 --- [main] com.hw.hwapi.HwApiApplication            : Started HwApiApplication in 12.544 seconds (JVM running for 14.637)
2023-06-07 22:19:46.564  WARN 27096 --- [HikariPool-1 housekeeper] com.zaxxer.hikari.pool.HikariPool        : HikariPool-1 - Thread starvation or clock leap detected (housekeeper delta=1h41m32s633ms576s900ns).
